{"/Users/stomaks/Projects/Maksym-Stoianov/apps-script-utils/src/appsscript/index.ts": {"path":"/Users/stomaks/Projects/Maksym-Stoianov/apps-script-utils/src/appsscript/index.ts","statementMap":{},"fnMap":{},"branchMap":{},"s":{},"f":{},"b":{},"meta":{"lastBranch":0,"lastFunction":0,"lastStatement":0,"seen":{}}}
,"/Users/stomaks/Projects/Maksym-Stoianov/apps-script-utils/src/appsscript/requireRepository.ts": {"path":"/Users/stomaks/Projects/Maksym-Stoianov/apps-script-utils/src/appsscript/requireRepository.ts","statementMap":{"0":{"start":{"line":17,"column":2},"end":{"line":18,"column":null}},"1":{"start":{"line":18,"column":4},"end":{"line":18,"column":null}},"2":{"start":{"line":21,"column":2},"end":{"line":21,"column":null}}},"fnMap":{"0":{"name":"requireRepository","decl":{"start":{"line":13,"column":16},"end":{"line":13,"column":null}},"loc":{"start":{"line":16,"column":5},"end":{"line":21,"column":null}},"line":16}},"branchMap":{"0":{"loc":{"start":{"line":15,"column":2},"end":{"line":15,"column":null}},"type":"default-arg","locations":[{"start":{"line":15,"column":20},"end":{"line":15,"column":null}}],"line":15},"1":{"loc":{"start":{"line":17,"column":2},"end":{"line":18,"column":null}},"type":"if","locations":[{"start":{"line":17,"column":2},"end":{"line":18,"column":null}},{"start":{},"end":{}}],"line":17},"2":{"loc":{"start":{"line":17,"column":6},"end":{"line":17,"column":55}},"type":"binary-expr","locations":[{"start":{"line":17,"column":6},"end":{"line":17,"column":29}},{"start":{"line":17,"column":29},"end":{"line":17,"column":55}}],"line":17}},"s":{"0":0,"1":0,"2":0},"f":{"0":0},"b":{"0":[0],"1":[0,0],"2":[0,0]},"meta":{"lastBranch":3,"lastFunction":1,"lastStatement":3,"seen":{"f:13:16:13:Infinity":0,"b:15:20:15:Infinity":0,"b:17:2:18:Infinity:undefined:undefined:undefined:undefined":1,"s:17:2:18:Infinity":0,"b:17:6:17:29:17:29:17:55":2,"s:18:4:18:Infinity":1,"s:21:2:21:Infinity":2}}}
,"/Users/stomaks/Projects/Maksym-Stoianov/apps-script-utils/src/appsscript/requireService.ts": {"path":"/Users/stomaks/Projects/Maksym-Stoianov/apps-script-utils/src/appsscript/requireService.ts","statementMap":{"0":{"start":{"line":17,"column":2},"end":{"line":18,"column":null}},"1":{"start":{"line":18,"column":4},"end":{"line":18,"column":null}},"2":{"start":{"line":21,"column":2},"end":{"line":21,"column":null}}},"fnMap":{"0":{"name":"requireService","decl":{"start":{"line":13,"column":16},"end":{"line":13,"column":null}},"loc":{"start":{"line":16,"column":5},"end":{"line":21,"column":null}},"line":16}},"branchMap":{"0":{"loc":{"start":{"line":15,"column":2},"end":{"line":15,"column":null}},"type":"default-arg","locations":[{"start":{"line":15,"column":20},"end":{"line":15,"column":null}}],"line":15},"1":{"loc":{"start":{"line":17,"column":2},"end":{"line":18,"column":null}},"type":"if","locations":[{"start":{"line":17,"column":2},"end":{"line":18,"column":null}},{"start":{},"end":{}}],"line":17},"2":{"loc":{"start":{"line":17,"column":6},"end":{"line":17,"column":49}},"type":"binary-expr","locations":[{"start":{"line":17,"column":6},"end":{"line":17,"column":26}},{"start":{"line":17,"column":26},"end":{"line":17,"column":49}}],"line":17}},"s":{"0":0,"1":0,"2":0},"f":{"0":0},"b":{"0":[0],"1":[0,0],"2":[0,0]},"meta":{"lastBranch":3,"lastFunction":1,"lastStatement":3,"seen":{"f:13:16:13:Infinity":0,"b:15:20:15:Infinity":0,"b:17:2:18:Infinity:undefined:undefined:undefined:undefined":1,"s:17:2:18:Infinity":0,"b:17:6:17:26:17:26:17:49":2,"s:18:4:18:Infinity":1,"s:21:2:21:Infinity":2}}}
,"/Users/stomaks/Projects/Maksym-Stoianov/apps-script-utils/src/appsscript/admin/index.ts": {"path":"/Users/stomaks/Projects/Maksym-Stoianov/apps-script-utils/src/appsscript/admin/index.ts","statementMap":{},"fnMap":{},"branchMap":{},"s":{},"f":{},"b":{},"meta":{"lastBranch":0,"lastFunction":0,"lastStatement":0,"seen":{}}}
,"/Users/stomaks/Projects/Maksym-Stoianov/apps-script-utils/src/appsscript/admin/isAdmin.ts": {"path":"/Users/stomaks/Projects/Maksym-Stoianov/apps-script-utils/src/appsscript/admin/isAdmin.ts","statementMap":{"0":{"start":{"line":17,"column":2},"end":{"line":28,"column":null}},"1":{"start":{"line":18,"column":4},"end":{"line":19,"column":null}},"2":{"start":{"line":19,"column":6},"end":{"line":19,"column":null}},"3":{"start":{"line":22,"column":18},"end":{"line":22,"column":52}},"4":{"start":{"line":24,"column":17},"end":{"line":24,"column":48}},"5":{"start":{"line":26,"column":4},"end":{"line":26,"column":null}},"6":{"start":{"line":28,"column":4},"end":{"line":28,"column":null}},"7":{"start":{"line":31,"column":2},"end":{"line":31,"column":null}}},"fnMap":{"0":{"name":"isAdmin","decl":{"start":{"line":16,"column":16},"end":{"line":16,"column":35}},"loc":{"start":{"line":16,"column":35},"end":{"line":31,"column":null}},"line":16}},"branchMap":{"0":{"loc":{"start":{"line":18,"column":4},"end":{"line":19,"column":null}},"type":"if","locations":[{"start":{"line":18,"column":4},"end":{"line":19,"column":null}},{"start":{},"end":{}}],"line":18}},"s":{"0":0,"1":0,"2":0,"3":0,"4":0,"5":0,"6":0,"7":0},"f":{"0":0},"b":{"0":[0,0]},"meta":{"lastBranch":1,"lastFunction":1,"lastStatement":8,"seen":{"f:16:16:16:35":0,"s:17:2:28:Infinity":0,"b:18:4:19:Infinity:undefined:undefined:undefined:undefined":0,"s:18:4:19:Infinity":1,"s:19:6:19:Infinity":2,"s:22:18:22:52":3,"s:24:17:24:48":4,"s:26:4:26:Infinity":5,"s:28:4:28:Infinity":6,"s:31:2:31:Infinity":7}}}
,"/Users/stomaks/Projects/Maksym-Stoianov/apps-script-utils/src/appsscript/base/getByteSize.ts": {"path":"/Users/stomaks/Projects/Maksym-Stoianov/apps-script-utils/src/appsscript/base/getByteSize.ts","statementMap":{"0":{"start":{"line":13,"column":2},"end":{"line":25,"column":null}}},"fnMap":{"0":{"name":"getByteSize","decl":{"start":{"line":12,"column":16},"end":{"line":12,"column":28}},"loc":{"start":{"line":12,"column":51},"end":{"line":25,"column":null}},"line":12}},"branchMap":{},"s":{"0":0},"f":{"0":0},"b":{},"meta":{"lastBranch":0,"lastFunction":1,"lastStatement":1,"seen":{"f:12:16:12:28":0,"s:13:2:25:Infinity":0}}}
,"/Users/stomaks/Projects/Maksym-Stoianov/apps-script-utils/src/appsscript/base/index.ts": {"path":"/Users/stomaks/Projects/Maksym-Stoianov/apps-script-utils/src/appsscript/base/index.ts","statementMap":{},"fnMap":{},"branchMap":{},"s":{},"f":{},"b":{},"meta":{"lastBranch":0,"lastFunction":0,"lastStatement":0,"seen":{}}}
,"/Users/stomaks/Projects/Maksym-Stoianov/apps-script-utils/src/appsscript/doc/index.ts": {"path":"/Users/stomaks/Projects/Maksym-Stoianov/apps-script-utils/src/appsscript/doc/index.ts","statementMap":{},"fnMap":{},"branchMap":{},"s":{},"f":{},"b":{},"meta":{"lastBranch":0,"lastFunction":0,"lastStatement":0,"seen":{}}}
,"/Users/stomaks/Projects/Maksym-Stoianov/apps-script-utils/src/appsscript/drive/index.ts": {"path":"/Users/stomaks/Projects/Maksym-Stoianov/apps-script-utils/src/appsscript/drive/index.ts","statementMap":{},"fnMap":{},"branchMap":{},"s":{},"f":{},"b":{},"meta":{"lastBranch":0,"lastFunction":0,"lastStatement":0,"seen":{}}}
,"/Users/stomaks/Projects/Maksym-Stoianov/apps-script-utils/src/appsscript/form/index.ts": {"path":"/Users/stomaks/Projects/Maksym-Stoianov/apps-script-utils/src/appsscript/form/index.ts","statementMap":{},"fnMap":{},"branchMap":{},"s":{},"f":{},"b":{},"meta":{"lastBranch":0,"lastFunction":0,"lastStatement":0,"seen":{}}}
,"/Users/stomaks/Projects/Maksym-Stoianov/apps-script-utils/src/appsscript/net/index.ts": {"path":"/Users/stomaks/Projects/Maksym-Stoianov/apps-script-utils/src/appsscript/net/index.ts","statementMap":{},"fnMap":{},"branchMap":{},"s":{},"f":{},"b":{},"meta":{"lastBranch":0,"lastFunction":0,"lastStatement":0,"seen":{}}}
,"/Users/stomaks/Projects/Maksym-Stoianov/apps-script-utils/src/appsscript/net/requireValidToken.ts": {"path":"/Users/stomaks/Projects/Maksym-Stoianov/apps-script-utils/src/appsscript/net/requireValidToken.ts","statementMap":{"0":{"start":{"line":19,"column":2},"end":{"line":20,"column":null}},"1":{"start":{"line":20,"column":4},"end":{"line":20,"column":null}},"2":{"start":{"line":23,"column":21},"end":{"line":25,"column":null}},"3":{"start":{"line":27,"column":34},"end":{"line":31,"column":31}},"4":{"start":{"line":33,"column":18},"end":{"line":33,"column":52}},"5":{"start":{"line":35,"column":2},"end":{"line":36,"column":null}},"6":{"start":{"line":36,"column":4},"end":{"line":36,"column":null}},"7":{"start":{"line":39,"column":2},"end":{"line":39,"column":null}}},"fnMap":{"0":{"name":"requireValidToken","decl":{"start":{"line":14,"column":16},"end":{"line":14,"column":null}},"loc":{"start":{"line":18,"column":10},"end":{"line":39,"column":null}},"line":18}},"branchMap":{"0":{"loc":{"start":{"line":17,"column":2},"end":{"line":17,"column":null}},"type":"default-arg","locations":[{"start":{"line":17,"column":20},"end":{"line":17,"column":null}}],"line":17},"1":{"loc":{"start":{"line":19,"column":2},"end":{"line":20,"column":null}},"type":"if","locations":[{"start":{"line":19,"column":2},"end":{"line":20,"column":null}},{"start":{},"end":{}}],"line":19},"2":{"loc":{"start":{"line":23,"column":21},"end":{"line":25,"column":null}},"type":"cond-expr","locations":[{"start":{"line":24,"column":6},"end":{"line":24,"column":34}},{"start":{"line":25,"column":6},"end":{"line":25,"column":null}}],"line":23},"3":{"loc":{"start":{"line":27,"column":34},"end":{"line":31,"column":31}},"type":"cond-expr","locations":[{"start":{"line":28,"column":7},"end":{"line":28,"column":null}},{"start":{"line":29,"column":6},"end":{"line":31,"column":31}}],"line":27},"4":{"loc":{"start":{"line":29,"column":6},"end":{"line":31,"column":31}},"type":"cond-expr","locations":[{"start":{"line":30,"column":9},"end":{"line":30,"column":52}},{"start":{"line":31,"column":8},"end":{"line":31,"column":31}}],"line":29},"5":{"loc":{"start":{"line":29,"column":6},"end":{"line":29,"column":null}},"type":"binary-expr","locations":[{"start":{"line":29,"column":6},"end":{"line":29,"column":41}},{"start":{"line":29,"column":41},"end":{"line":29,"column":null}}],"line":29},"6":{"loc":{"start":{"line":35,"column":2},"end":{"line":36,"column":null}},"type":"if","locations":[{"start":{"line":35,"column":2},"end":{"line":36,"column":null}},{"start":{},"end":{}}],"line":35}},"s":{"0":0,"1":0,"2":0,"3":0,"4":0,"5":0,"6":0,"7":0},"f":{"0":0},"b":{"0":[0],"1":[0,0],"2":[0,0],"3":[0,0],"4":[0,0],"5":[0,0],"6":[0,0]},"meta":{"lastBranch":7,"lastFunction":1,"lastStatement":8,"seen":{"f:14:16:14:Infinity":0,"b:17:20:17:Infinity":0,"b:19:2:20:Infinity:undefined:undefined:undefined:undefined":1,"s:19:2:20:Infinity":0,"s:20:4:20:Infinity":1,"s:23:21:25:Infinity":2,"b:24:6:24:34:25:6:25:Infinity":2,"s:27:34:31:31":3,"b:28:7:28:Infinity:29:6:31:31":3,"b:30:9:30:52:31:8:31:31":4,"b:29:6:29:41:29:41:29:Infinity":5,"s:33:18:33:52":4,"b:35:2:36:Infinity:undefined:undefined:undefined:undefined":6,"s:35:2:36:Infinity":5,"s:36:4:36:Infinity":6,"s:39:2:39:Infinity":7}}}
,"/Users/stomaks/Projects/Maksym-Stoianov/apps-script-utils/src/appsscript/sheet/appendColumn.ts": {"path":"/Users/stomaks/Projects/Maksym-Stoianov/apps-script-utils/src/appsscript/sheet/appendColumn.ts","statementMap":{"0":{"start":{"line":27,"column":2},"end":{"line":27,"column":null}}},"fnMap":{"0":{"name":"appendColumn","decl":{"start":{"line":22,"column":16},"end":{"line":22,"column":null}},"loc":{"start":{"line":26,"column":38},"end":{"line":27,"column":null}},"line":26}},"branchMap":{"0":{"loc":{"start":{"line":25,"column":2},"end":{"line":25,"column":42}},"type":"default-arg","locations":[{"start":{"line":25,"column":40},"end":{"line":25,"column":42}}],"line":25}},"s":{"0":0},"f":{"0":0},"b":{"0":[0]},"meta":{"lastBranch":1,"lastFunction":1,"lastStatement":1,"seen":{"f:22:16:22:Infinity":0,"b:25:40:25:42":0,"s:27:2:27:Infinity":0}}}
,"/Users/stomaks/Projects/Maksym-Stoianov/apps-script-utils/src/appsscript/sheet/appendColumns.ts": {"path":"/Users/stomaks/Projects/Maksym-Stoianov/apps-script-utils/src/appsscript/sheet/appendColumns.ts","statementMap":{"0":{"start":{"line":49,"column":2},"end":{"line":50,"column":null}},"1":{"start":{"line":50,"column":4},"end":{"line":50,"column":null}},"2":{"start":{"line":53,"column":2},"end":{"line":53,"column":null}},"3":{"start":{"line":55,"column":2},"end":{"line":58,"column":null}},"4":{"start":{"line":56,"column":4},"end":{"line":58,"column":null}},"5":{"start":{"line":61,"column":46},"end":{"line":64,"column":null}},"6":{"start":{"line":66,"column":15},"end":{"line":66,"column":44}},"7":{"start":{"line":68,"column":2},"end":{"line":93,"column":null}},"8":{"start":{"line":69,"column":4},"end":{"line":69,"column":null}},"9":{"start":{"line":71,"column":28},"end":{"line":71,"column":null}},"10":{"start":{"line":73,"column":31},"end":{"line":73,"column":null}},"11":{"start":{"line":75,"column":28},"end":{"line":75,"column":49}},"12":{"start":{"line":77,"column":33},"end":{"line":77,"column":null}},"13":{"start":{"line":79,"column":4},"end":{"line":83,"column":null}},"14":{"start":{"line":80,"column":28},"end":{"line":80,"column":52}},"15":{"start":{"line":82,"column":6},"end":{"line":83,"column":null}},"16":{"start":{"line":83,"column":8},"end":{"line":83,"column":null}},"17":{"start":{"line":87,"column":18},"end":{"line":87,"column":72}},"18":{"start":{"line":89,"column":4},"end":{"line":89,"column":null}},"19":{"start":{"line":91,"column":4},"end":{"line":91,"column":null}},"20":{"start":{"line":93,"column":4},"end":{"line":93,"column":null}},"21":{"start":{"line":96,"column":2},"end":{"line":96,"column":null}}},"fnMap":{"0":{"name":"appendColumns","decl":{"start":{"line":44,"column":16},"end":{"line":44,"column":null}},"loc":{"start":{"line":48,"column":38},"end":{"line":96,"column":null}},"line":48}},"branchMap":{"0":{"loc":{"start":{"line":47,"column":2},"end":{"line":47,"column":42}},"type":"default-arg","locations":[{"start":{"line":47,"column":40},"end":{"line":47,"column":42}}],"line":47},"1":{"loc":{"start":{"line":49,"column":2},"end":{"line":50,"column":null}},"type":"if","locations":[{"start":{"line":49,"column":2},"end":{"line":50,"column":null}},{"start":{},"end":{}}],"line":49},"2":{"loc":{"start":{"line":55,"column":2},"end":{"line":58,"column":null}},"type":"if","locations":[{"start":{"line":55,"column":2},"end":{"line":58,"column":null}},{"start":{},"end":{}}],"line":55},"3":{"loc":{"start":{"line":79,"column":4},"end":{"line":83,"column":null}},"type":"if","locations":[{"start":{"line":79,"column":4},"end":{"line":83,"column":null}},{"start":{},"end":{}}],"line":79},"4":{"loc":{"start":{"line":82,"column":6},"end":{"line":83,"column":null}},"type":"if","locations":[{"start":{"line":82,"column":6},"end":{"line":83,"column":null}},{"start":{},"end":{}}],"line":82},"5":{"loc":{"start":{"line":91,"column":10},"end":{"line":91,"column":58}},"type":"cond-expr","locations":[{"start":{"line":91,"column":33},"end":{"line":91,"column":47}},{"start":{"line":91,"column":47},"end":{"line":91,"column":58}}],"line":91}},"s":{"0":0,"1":0,"2":0,"3":0,"4":0,"5":0,"6":0,"7":0,"8":0,"9":0,"10":0,"11":0,"12":0,"13":0,"14":0,"15":0,"16":0,"17":0,"18":0,"19":0,"20":0,"21":0},"f":{"0":0},"b":{"0":[0],"1":[0,0],"2":[0,0],"3":[0,0],"4":[0,0],"5":[0,0]},"meta":{"lastBranch":6,"lastFunction":1,"lastStatement":22,"seen":{"f:44:16:44:Infinity":0,"b:47:40:47:42":0,"b:49:2:50:Infinity:undefined:undefined:undefined:undefined":1,"s:49:2:50:Infinity":0,"s:50:4:50:Infinity":1,"s:53:2:53:Infinity":2,"b:55:2:58:Infinity:undefined:undefined:undefined:undefined":2,"s:55:2:58:Infinity":3,"s:56:4:58:Infinity":4,"s:61:46:64:Infinity":5,"s:66:15:66:44":6,"s:68:2:93:Infinity":7,"s:69:4:69:Infinity":8,"s:71:28:71:Infinity":9,"s:73:31:73:Infinity":10,"s:75:28:75:49":11,"s:77:33:77:Infinity":12,"b:79:4:83:Infinity:undefined:undefined:undefined:undefined":3,"s:79:4:83:Infinity":13,"s:80:28:80:52":14,"b:82:6:83:Infinity:undefined:undefined:undefined:undefined":4,"s:82:6:83:Infinity":15,"s:83:8:83:Infinity":16,"s:87:18:87:72":17,"s:89:4:89:Infinity":18,"s:91:4:91:Infinity":19,"b:91:33:91:47:91:47:91:58":5,"s:93:4:93:Infinity":20,"s:96:2:96:Infinity":21}}}
,"/Users/stomaks/Projects/Maksym-Stoianov/apps-script-utils/src/appsscript/sheet/appendRow.ts": {"path":"/Users/stomaks/Projects/Maksym-Stoianov/apps-script-utils/src/appsscript/sheet/appendRow.ts","statementMap":{"0":{"start":{"line":28,"column":2},"end":{"line":28,"column":null}}},"fnMap":{"0":{"name":"appendRow","decl":{"start":{"line":23,"column":16},"end":{"line":23,"column":null}},"loc":{"start":{"line":27,"column":38},"end":{"line":28,"column":null}},"line":27}},"branchMap":{"0":{"loc":{"start":{"line":26,"column":2},"end":{"line":26,"column":52}},"type":"default-arg","locations":[{"start":{"line":26,"column":50},"end":{"line":26,"column":52}}],"line":26}},"s":{"0":0},"f":{"0":0},"b":{"0":[0]},"meta":{"lastBranch":1,"lastFunction":1,"lastStatement":1,"seen":{"f:23:16:23:Infinity":0,"b:26:50:26:52":0,"s:28:2:28:Infinity":0}}}
,"/Users/stomaks/Projects/Maksym-Stoianov/apps-script-utils/src/appsscript/sheet/appendRows.ts": {"path":"/Users/stomaks/Projects/Maksym-Stoianov/apps-script-utils/src/appsscript/sheet/appendRows.ts","statementMap":{"0":{"start":{"line":50,"column":2},"end":{"line":51,"column":null}},"1":{"start":{"line":51,"column":4},"end":{"line":51,"column":null}},"2":{"start":{"line":54,"column":2},"end":{"line":54,"column":null}},"3":{"start":{"line":56,"column":2},"end":{"line":59,"column":null}},"4":{"start":{"line":57,"column":4},"end":{"line":59,"column":null}},"5":{"start":{"line":62,"column":56},"end":{"line":65,"column":null}},"6":{"start":{"line":67,"column":15},"end":{"line":67,"column":44}},"7":{"start":{"line":69,"column":2},"end":{"line":94,"column":null}},"8":{"start":{"line":70,"column":4},"end":{"line":70,"column":null}},"9":{"start":{"line":72,"column":28},"end":{"line":72,"column":null}},"10":{"start":{"line":74,"column":31},"end":{"line":74,"column":null}},"11":{"start":{"line":76,"column":28},"end":{"line":76,"column":46}},"12":{"start":{"line":78,"column":30},"end":{"line":78,"column":null}},"13":{"start":{"line":80,"column":4},"end":{"line":84,"column":null}},"14":{"start":{"line":81,"column":25},"end":{"line":81,"column":46}},"15":{"start":{"line":83,"column":6},"end":{"line":84,"column":null}},"16":{"start":{"line":84,"column":8},"end":{"line":84,"column":null}},"17":{"start":{"line":88,"column":18},"end":{"line":88,"column":73}},"18":{"start":{"line":90,"column":4},"end":{"line":90,"column":null}},"19":{"start":{"line":92,"column":4},"end":{"line":92,"column":null}},"20":{"start":{"line":94,"column":4},"end":{"line":94,"column":null}},"21":{"start":{"line":97,"column":2},"end":{"line":97,"column":null}}},"fnMap":{"0":{"name":"appendRows","decl":{"start":{"line":45,"column":16},"end":{"line":45,"column":null}},"loc":{"start":{"line":49,"column":38},"end":{"line":97,"column":null}},"line":49}},"branchMap":{"0":{"loc":{"start":{"line":48,"column":2},"end":{"line":48,"column":52}},"type":"default-arg","locations":[{"start":{"line":48,"column":50},"end":{"line":48,"column":52}}],"line":48},"1":{"loc":{"start":{"line":50,"column":2},"end":{"line":51,"column":null}},"type":"if","locations":[{"start":{"line":50,"column":2},"end":{"line":51,"column":null}},{"start":{},"end":{}}],"line":50},"2":{"loc":{"start":{"line":56,"column":2},"end":{"line":59,"column":null}},"type":"if","locations":[{"start":{"line":56,"column":2},"end":{"line":59,"column":null}},{"start":{},"end":{}}],"line":56},"3":{"loc":{"start":{"line":80,"column":4},"end":{"line":84,"column":null}},"type":"if","locations":[{"start":{"line":80,"column":4},"end":{"line":84,"column":null}},{"start":{},"end":{}}],"line":80},"4":{"loc":{"start":{"line":83,"column":6},"end":{"line":84,"column":null}},"type":"if","locations":[{"start":{"line":83,"column":6},"end":{"line":84,"column":null}},{"start":{},"end":{}}],"line":83},"5":{"loc":{"start":{"line":92,"column":10},"end":{"line":92,"column":58}},"type":"cond-expr","locations":[{"start":{"line":92,"column":33},"end":{"line":92,"column":47}},{"start":{"line":92,"column":47},"end":{"line":92,"column":58}}],"line":92}},"s":{"0":0,"1":0,"2":0,"3":0,"4":0,"5":0,"6":0,"7":0,"8":0,"9":0,"10":0,"11":0,"12":0,"13":0,"14":0,"15":0,"16":0,"17":0,"18":0,"19":0,"20":0,"21":0},"f":{"0":0},"b":{"0":[0],"1":[0,0],"2":[0,0],"3":[0,0],"4":[0,0],"5":[0,0]},"meta":{"lastBranch":6,"lastFunction":1,"lastStatement":22,"seen":{"f:45:16:45:Infinity":0,"b:48:50:48:52":0,"b:50:2:51:Infinity:undefined:undefined:undefined:undefined":1,"s:50:2:51:Infinity":0,"s:51:4:51:Infinity":1,"s:54:2:54:Infinity":2,"b:56:2:59:Infinity:undefined:undefined:undefined:undefined":2,"s:56:2:59:Infinity":3,"s:57:4:59:Infinity":4,"s:62:56:65:Infinity":5,"s:67:15:67:44":6,"s:69:2:94:Infinity":7,"s:70:4:70:Infinity":8,"s:72:28:72:Infinity":9,"s:74:31:74:Infinity":10,"s:76:28:76:46":11,"s:78:30:78:Infinity":12,"b:80:4:84:Infinity:undefined:undefined:undefined:undefined":3,"s:80:4:84:Infinity":13,"s:81:25:81:46":14,"b:83:6:84:Infinity:undefined:undefined:undefined:undefined":4,"s:83:6:84:Infinity":15,"s:84:8:84:Infinity":16,"s:88:18:88:73":17,"s:90:4:90:Infinity":18,"s:92:4:92:Infinity":19,"b:92:33:92:47:92:47:92:58":5,"s:94:4:94:Infinity":20,"s:97:2:97:Infinity":21}}}
,"/Users/stomaks/Projects/Maksym-Stoianov/apps-script-utils/src/appsscript/sheet/convertRichTextToHtml.ts": {"path":"/Users/stomaks/Projects/Maksym-Stoianov/apps-script-utils/src/appsscript/sheet/convertRichTextToHtml.ts","statementMap":{"0":{"start":{"line":32,"column":2},"end":{"line":33,"column":null}},"1":{"start":{"line":33,"column":4},"end":{"line":33,"column":null}},"2":{"start":{"line":36,"column":2},"end":{"line":37,"column":null}},"3":{"start":{"line":37,"column":4},"end":{"line":37,"column":null}},"4":{"start":{"line":40,"column":15},"end":{"line":40,"column":33}},"5":{"start":{"line":42,"column":13},"end":{"line":42,"column":null}},"6":{"start":{"line":47,"column":8},"end":{"line":50,"column":17}},"7":{"start":{"line":48,"column":4},"end":{"line":50,"column":17}},"8":{"start":{"line":49,"column":29},"end":{"line":49,"column":48}},"9":{"start":{"line":55,"column":8},"end":{"line":58,"column":16}},"10":{"start":{"line":56,"column":4},"end":{"line":58,"column":16}},"11":{"start":{"line":57,"column":29},"end":{"line":57,"column":49}},"12":{"start":{"line":60,"column":2},"end":{"line":143,"column":null}},"13":{"start":{"line":61,"column":22},"end":{"line":61,"column":40}},"14":{"start":{"line":63,"column":47},"end":{"line":63,"column":49}},"15":{"start":{"line":65,"column":43},"end":{"line":65,"column":45}},"16":{"start":{"line":67,"column":27},"end":{"line":67,"column":29}},"17":{"start":{"line":69,"column":4},"end":{"line":70,"column":null}},"18":{"start":{"line":70,"column":6},"end":{"line":70,"column":null}},"19":{"start":{"line":73,"column":4},"end":{"line":74,"column":null}},"20":{"start":{"line":74,"column":6},"end":{"line":74,"column":null}},"21":{"start":{"line":77,"column":4},"end":{"line":78,"column":null}},"22":{"start":{"line":78,"column":6},"end":{"line":78,"column":null}},"23":{"start":{"line":81,"column":4},"end":{"line":82,"column":null}},"24":{"start":{"line":82,"column":6},"end":{"line":82,"column":null}},"25":{"start":{"line":85,"column":23},"end":{"line":85,"column":48}},"26":{"start":{"line":87,"column":4},"end":{"line":88,"column":null}},"27":{"start":{"line":88,"column":6},"end":{"line":88,"column":null}},"28":{"start":{"line":91,"column":21},"end":{"line":91,"column":44}},"29":{"start":{"line":93,"column":4},"end":{"line":94,"column":null}},"30":{"start":{"line":94,"column":6},"end":{"line":94,"column":null}},"31":{"start":{"line":97,"column":18},"end":{"line":97,"column":48}},"32":{"start":{"line":99,"column":4},"end":{"line":100,"column":null}},"33":{"start":{"line":100,"column":6},"end":{"line":100,"column":null}},"34":{"start":{"line":103,"column":17},"end":{"line":103,"column":33}},"35":{"start":{"line":105,"column":22},"end":{"line":105,"column":null}},"36":{"start":{"line":107,"column":4},"end":{"line":113,"column":null}},"37":{"start":{"line":108,"column":6},"end":{"line":108,"column":null}},"38":{"start":{"line":109,"column":6},"end":{"line":109,"column":null}},"39":{"start":{"line":112,"column":15},"end":{"line":113,"column":null}},"40":{"start":{"line":113,"column":6},"end":{"line":113,"column":null}},"41":{"start":{"line":116,"column":4},"end":{"line":117,"column":null}},"42":{"start":{"line":117,"column":6},"end":{"line":117,"column":null}},"43":{"start":{"line":121,"column":6},"end":{"line":123,"column":null}},"44":{"start":{"line":125,"column":27},"end":{"line":125,"column":42}},"45":{"start":{"line":127,"column":21},"end":{"line":127,"column":null}},"46":{"start":{"line":129,"column":17},"end":{"line":129,"column":59}},"47":{"start":{"line":131,"column":28},"end":{"line":131,"column":54}},"48":{"start":{"line":133,"column":22},"end":{"line":133,"column":null}},"49":{"start":{"line":135,"column":4},"end":{"line":143,"column":null}},"50":{"start":{"line":146,"column":2},"end":{"line":146,"column":null}}},"fnMap":{"0":{"name":"convertRichTextToHtml","decl":{"start":{"line":29,"column":16},"end":{"line":29,"column":null}},"loc":{"start":{"line":31,"column":10},"end":{"line":146,"column":null}},"line":31},"1":{"name":"(anonymous_1)","decl":{"start":{"line":47,"column":8},"end":{"line":47,"column":27}},"loc":{"start":{"line":48,"column":4},"end":{"line":50,"column":17}},"line":48},"2":{"name":"(anonymous_2)","decl":{"start":{"line":49,"column":7},"end":{"line":49,"column":12}},"loc":{"start":{"line":49,"column":29},"end":{"line":49,"column":48}},"line":49},"3":{"name":"(anonymous_3)","decl":{"start":{"line":55,"column":8},"end":{"line":55,"column":26}},"loc":{"start":{"line":56,"column":4},"end":{"line":58,"column":16}},"line":56},"4":{"name":"(anonymous_4)","decl":{"start":{"line":57,"column":7},"end":{"line":57,"column":12}},"loc":{"start":{"line":57,"column":29},"end":{"line":57,"column":49}},"line":57}},"branchMap":{"0":{"loc":{"start":{"line":32,"column":2},"end":{"line":33,"column":null}},"type":"if","locations":[{"start":{"line":32,"column":2},"end":{"line":33,"column":null}},{"start":{},"end":{}}],"line":32},"1":{"loc":{"start":{"line":36,"column":2},"end":{"line":37,"column":null}},"type":"if","locations":[{"start":{"line":36,"column":2},"end":{"line":37,"column":null}},{"start":{},"end":{}}],"line":36},"2":{"loc":{"start":{"line":69,"column":4},"end":{"line":70,"column":null}},"type":"if","locations":[{"start":{"line":69,"column":4},"end":{"line":70,"column":null}},{"start":{},"end":{}}],"line":69},"3":{"loc":{"start":{"line":73,"column":4},"end":{"line":74,"column":null}},"type":"if","locations":[{"start":{"line":73,"column":4},"end":{"line":74,"column":null}},{"start":{},"end":{}}],"line":73},"4":{"loc":{"start":{"line":77,"column":4},"end":{"line":78,"column":null}},"type":"if","locations":[{"start":{"line":77,"column":4},"end":{"line":78,"column":null}},{"start":{},"end":{}}],"line":77},"5":{"loc":{"start":{"line":81,"column":4},"end":{"line":82,"column":null}},"type":"if","locations":[{"start":{"line":81,"column":4},"end":{"line":82,"column":null}},{"start":{},"end":{}}],"line":81},"6":{"loc":{"start":{"line":87,"column":4},"end":{"line":88,"column":null}},"type":"if","locations":[{"start":{"line":87,"column":4},"end":{"line":88,"column":null}},{"start":{},"end":{}}],"line":87},"7":{"loc":{"start":{"line":87,"column":8},"end":{"line":87,"column":46}},"type":"binary-expr","locations":[{"start":{"line":87,"column":8},"end":{"line":87,"column":22}},{"start":{"line":87,"column":22},"end":{"line":87,"column":46}}],"line":87},"8":{"loc":{"start":{"line":93,"column":4},"end":{"line":94,"column":null}},"type":"if","locations":[{"start":{"line":93,"column":4},"end":{"line":94,"column":null}},{"start":{},"end":{}}],"line":93},"9":{"loc":{"start":{"line":99,"column":4},"end":{"line":100,"column":null}},"type":"if","locations":[{"start":{"line":99,"column":4},"end":{"line":100,"column":null}},{"start":{},"end":{}}],"line":99},"10":{"loc":{"start":{"line":99,"column":8},"end":{"line":99,"column":62}},"type":"binary-expr","locations":[{"start":{"line":99,"column":8},"end":{"line":99,"column":17}},{"start":{"line":99,"column":17},"end":{"line":99,"column":62}}],"line":99},"11":{"loc":{"start":{"line":107,"column":4},"end":{"line":113,"column":null}},"type":"if","locations":[{"start":{"line":107,"column":4},"end":{"line":113,"column":null}},{"start":{"line":112,"column":15},"end":{"line":113,"column":null}}],"line":107},"12":{"loc":{"start":{"line":112,"column":15},"end":{"line":113,"column":null}},"type":"if","locations":[{"start":{"line":112,"column":15},"end":{"line":113,"column":null}},{"start":{},"end":{}}],"line":112},"13":{"loc":{"start":{"line":113,"column":12},"end":{"line":113,"column":null}},"type":"binary-expr","locations":[{"start":{"line":113,"column":12},"end":{"line":113,"column":22}},{"start":{"line":113,"column":26},"end":{"line":113,"column":null}}],"line":113},"14":{"loc":{"start":{"line":116,"column":4},"end":{"line":117,"column":null}},"type":"if","locations":[{"start":{"line":116,"column":4},"end":{"line":117,"column":null}},{"start":{},"end":{}}],"line":116},"15":{"loc":{"start":{"line":121,"column":6},"end":{"line":123,"column":null}},"type":"cond-expr","locations":[{"start":{"line":122,"column":10},"end":{"line":122,"column":42}},{"start":{"line":123,"column":10},"end":{"line":123,"column":null}}],"line":121},"16":{"loc":{"start":{"line":127,"column":21},"end":{"line":127,"column":null}},"type":"cond-expr","locations":[{"start":{"line":127,"column":39},"end":{"line":127,"column":63}},{"start":{"line":127,"column":63},"end":{"line":127,"column":null}}],"line":127},"17":{"loc":{"start":{"line":133,"column":22},"end":{"line":133,"column":null}},"type":"cond-expr","locations":[{"start":{"line":133,"column":40},"end":{"line":133,"column":66}},{"start":{"line":133,"column":66},"end":{"line":133,"column":null}}],"line":133}},"s":{"0":0,"1":0,"2":0,"3":0,"4":0,"5":0,"6":0,"7":0,"8":0,"9":0,"10":0,"11":0,"12":0,"13":0,"14":0,"15":0,"16":0,"17":0,"18":0,"19":0,"20":0,"21":0,"22":0,"23":0,"24":0,"25":0,"26":0,"27":0,"28":0,"29":0,"30":0,"31":0,"32":0,"33":0,"34":0,"35":0,"36":0,"37":0,"38":0,"39":0,"40":0,"41":0,"42":0,"43":0,"44":0,"45":0,"46":0,"47":0,"48":0,"49":0,"50":0},"f":{"0":0,"1":0,"2":0,"3":0,"4":0},"b":{"0":[0,0],"1":[0,0],"2":[0,0],"3":[0,0],"4":[0,0],"5":[0,0],"6":[0,0],"7":[0,0],"8":[0,0],"9":[0,0],"10":[0,0],"11":[0,0],"12":[0,0],"13":[0,0],"14":[0,0],"15":[0,0],"16":[0,0],"17":[0,0]},"meta":{"lastBranch":18,"lastFunction":5,"lastStatement":51,"seen":{"f:29:16:29:Infinity":0,"b:32:2:33:Infinity:undefined:undefined:undefined:undefined":0,"s:32:2:33:Infinity":0,"s:33:4:33:Infinity":1,"b:36:2:37:Infinity:undefined:undefined:undefined:undefined":1,"s:36:2:37:Infinity":2,"s:37:4:37:Infinity":3,"s:40:15:40:33":4,"s:42:13:42:Infinity":5,"s:47:8:50:17":6,"f:47:8:47:27":1,"s:48:4:50:17":7,"f:49:7:49:12":2,"s:49:29:49:48":8,"s:55:8:58:16":9,"f:55:8:55:26":3,"s:56:4:58:16":10,"f:57:7:57:12":4,"s:57:29:57:49":11,"s:60:2:143:Infinity":12,"s:61:22:61:40":13,"s:63:47:63:49":14,"s:65:43:65:45":15,"s:67:27:67:29":16,"b:69:4:70:Infinity:undefined:undefined:undefined:undefined":2,"s:69:4:70:Infinity":17,"s:70:6:70:Infinity":18,"b:73:4:74:Infinity:undefined:undefined:undefined:undefined":3,"s:73:4:74:Infinity":19,"s:74:6:74:Infinity":20,"b:77:4:78:Infinity:undefined:undefined:undefined:undefined":4,"s:77:4:78:Infinity":21,"s:78:6:78:Infinity":22,"b:81:4:82:Infinity:undefined:undefined:undefined:undefined":5,"s:81:4:82:Infinity":23,"s:82:6:82:Infinity":24,"s:85:23:85:48":25,"b:87:4:88:Infinity:undefined:undefined:undefined:undefined":6,"s:87:4:88:Infinity":26,"b:87:8:87:22:87:22:87:46":7,"s:88:6:88:Infinity":27,"s:91:21:91:44":28,"b:93:4:94:Infinity:undefined:undefined:undefined:undefined":8,"s:93:4:94:Infinity":29,"s:94:6:94:Infinity":30,"s:97:18:97:48":31,"b:99:4:100:Infinity:undefined:undefined:undefined:undefined":9,"s:99:4:100:Infinity":32,"b:99:8:99:17:99:17:99:62":10,"s:100:6:100:Infinity":33,"s:103:17:103:33":34,"s:105:22:105:Infinity":35,"b:107:4:113:Infinity:112:15:113:Infinity":11,"s:107:4:113:Infinity":36,"s:108:6:108:Infinity":37,"s:109:6:109:Infinity":38,"b:112:15:113:Infinity:undefined:undefined:undefined:undefined":12,"s:112:15:113:Infinity":39,"s:113:6:113:Infinity":40,"b:113:12:113:22:113:26:113:Infinity":13,"b:116:4:117:Infinity:undefined:undefined:undefined:undefined":14,"s:116:4:117:Infinity":41,"s:117:6:117:Infinity":42,"s:121:6:123:Infinity":43,"b:122:10:122:42:123:10:123:Infinity":15,"s:125:27:125:42":44,"s:127:21:127:Infinity":45,"b:127:39:127:63:127:63:127:Infinity":16,"s:129:17:129:59":46,"s:131:28:131:54":47,"s:133:22:133:Infinity":48,"b:133:40:133:66:133:66:133:Infinity":17,"s:135:4:143:Infinity":49,"s:146:2:146:Infinity":50}}}
,"/Users/stomaks/Projects/Maksym-Stoianov/apps-script-utils/src/appsscript/sheet/doGridRangesIntersect.ts": {"path":"/Users/stomaks/Projects/Maksym-Stoianov/apps-script-utils/src/appsscript/sheet/doGridRangesIntersect.ts","statementMap":{"0":{"start":{"line":28,"column":2},"end":{"line":29,"column":null}},"1":{"start":{"line":29,"column":4},"end":{"line":29,"column":null}},"2":{"start":{"line":32,"column":2},"end":{"line":33,"column":null}},"3":{"start":{"line":33,"column":4},"end":{"line":33,"column":null}},"4":{"start":{"line":36,"column":2},"end":{"line":37,"column":null}},"5":{"start":{"line":37,"column":4},"end":{"line":37,"column":null}},"6":{"start":{"line":40,"column":8},"end":{"line":43,"column":null}},"7":{"start":{"line":45,"column":8},"end":{"line":49,"column":null}},"8":{"start":{"line":51,"column":2},"end":{"line":60,"column":null}},"9":{"start":{"line":52,"column":4},"end":{"line":60,"column":null}},"10":{"start":{"line":60,"column":6},"end":{"line":60,"column":null}},"11":{"start":{"line":64,"column":22},"end":{"line":64,"column":null}},"12":{"start":{"line":66,"column":20},"end":{"line":66,"column":null}},"13":{"start":{"line":68,"column":22},"end":{"line":68,"column":null}},"14":{"start":{"line":70,"column":20},"end":{"line":70,"column":null}},"15":{"start":{"line":72,"column":22},"end":{"line":72,"column":null}},"16":{"start":{"line":74,"column":20},"end":{"line":74,"column":null}},"17":{"start":{"line":76,"column":22},"end":{"line":76,"column":null}},"18":{"start":{"line":78,"column":20},"end":{"line":78,"column":null}},"19":{"start":{"line":80,"column":2},"end":{"line":84,"column":null}}},"fnMap":{"0":{"name":"doGridRangesIntersect","decl":{"start":{"line":24,"column":16},"end":{"line":24,"column":null}},"loc":{"start":{"line":27,"column":11},"end":{"line":84,"column":null}},"line":27}},"branchMap":{"0":{"loc":{"start":{"line":28,"column":2},"end":{"line":29,"column":null}},"type":"if","locations":[{"start":{"line":28,"column":2},"end":{"line":29,"column":null}},{"start":{},"end":{}}],"line":28},"1":{"loc":{"start":{"line":32,"column":2},"end":{"line":33,"column":null}},"type":"if","locations":[{"start":{"line":32,"column":2},"end":{"line":33,"column":null}},{"start":{},"end":{}}],"line":32},"2":{"loc":{"start":{"line":36,"column":2},"end":{"line":37,"column":null}},"type":"if","locations":[{"start":{"line":36,"column":2},"end":{"line":37,"column":null}},{"start":{},"end":{}}],"line":36},"3":{"loc":{"start":{"line":40,"column":8},"end":{"line":43,"column":null}},"type":"cond-expr","locations":[{"start":{"line":42,"column":8},"end":{"line":42,"column":null}},{"start":{"line":43,"column":8},"end":{"line":43,"column":null}}],"line":40},"4":{"loc":{"start":{"line":40,"column":8},"end":{"line":41,"column":76}},"type":"binary-expr","locations":[{"start":{"line":40,"column":8},"end":{"line":41,"column":38}},{"start":{"line":41,"column":38},"end":{"line":41,"column":76}}],"line":40},"5":{"loc":{"start":{"line":45,"column":8},"end":{"line":49,"column":null}},"type":"cond-expr","locations":[{"start":{"line":48,"column":8},"end":{"line":48,"column":null}},{"start":{"line":49,"column":8},"end":{"line":49,"column":null}}],"line":45},"6":{"loc":{"start":{"line":45,"column":8},"end":{"line":47,"column":42}},"type":"binary-expr","locations":[{"start":{"line":45,"column":8},"end":{"line":46,"column":42}},{"start":{"line":46,"column":42},"end":{"line":47,"column":42}}],"line":45},"7":{"loc":{"start":{"line":51,"column":2},"end":{"line":60,"column":null}},"type":"if","locations":[{"start":{"line":51,"column":2},"end":{"line":60,"column":null}},{"start":{},"end":{}}],"line":51},"8":{"loc":{"start":{"line":51,"column":6},"end":{"line":51,"column":42}},"type":"binary-expr","locations":[{"start":{"line":51,"column":6},"end":{"line":51,"column":24}},{"start":{"line":51,"column":24},"end":{"line":51,"column":42}}],"line":51},"9":{"loc":{"start":{"line":52,"column":4},"end":{"line":60,"column":null}},"type":"if","locations":[{"start":{"line":52,"column":4},"end":{"line":60,"column":null}},{"start":{},"end":{}}],"line":52},"10":{"loc":{"start":{"line":52,"column":4},"end":{"line":58,"column":null}},"type":"binary-expr","locations":[{"start":{"line":52,"column":4},"end":{"line":53,"column":41}},{"start":{"line":53,"column":41},"end":{"line":54,"column":42}},{"start":{"line":55,"column":8},"end":{"line":55,"column":null}},{"start":{"line":55,"column":9},"end":{"line":56,"column":45}},{"start":{"line":56,"column":45},"end":{"line":57,"column":46}},{"start":{"line":58,"column":8},"end":{"line":58,"column":null}}],"line":52},"11":{"loc":{"start":{"line":64,"column":22},"end":{"line":64,"column":null}},"type":"binary-expr","locations":[{"start":{"line":64,"column":22},"end":{"line":64,"column":50}},{"start":{"line":64,"column":50},"end":{"line":64,"column":null}}],"line":64},"12":{"loc":{"start":{"line":66,"column":20},"end":{"line":66,"column":null}},"type":"binary-expr","locations":[{"start":{"line":66,"column":20},"end":{"line":66,"column":46}},{"start":{"line":66,"column":46},"end":{"line":66,"column":null}}],"line":66},"13":{"loc":{"start":{"line":68,"column":22},"end":{"line":68,"column":null}},"type":"binary-expr","locations":[{"start":{"line":68,"column":22},"end":{"line":68,"column":53}},{"start":{"line":68,"column":53},"end":{"line":68,"column":null}}],"line":68},"14":{"loc":{"start":{"line":70,"column":20},"end":{"line":70,"column":null}},"type":"binary-expr","locations":[{"start":{"line":70,"column":20},"end":{"line":70,"column":49}},{"start":{"line":70,"column":49},"end":{"line":70,"column":null}}],"line":70},"15":{"loc":{"start":{"line":72,"column":22},"end":{"line":72,"column":null}},"type":"binary-expr","locations":[{"start":{"line":72,"column":22},"end":{"line":72,"column":50}},{"start":{"line":72,"column":50},"end":{"line":72,"column":null}}],"line":72},"16":{"loc":{"start":{"line":74,"column":20},"end":{"line":74,"column":null}},"type":"binary-expr","locations":[{"start":{"line":74,"column":20},"end":{"line":74,"column":46}},{"start":{"line":74,"column":46},"end":{"line":74,"column":null}}],"line":74},"17":{"loc":{"start":{"line":76,"column":22},"end":{"line":76,"column":null}},"type":"binary-expr","locations":[{"start":{"line":76,"column":22},"end":{"line":76,"column":53}},{"start":{"line":76,"column":53},"end":{"line":76,"column":null}}],"line":76},"18":{"loc":{"start":{"line":78,"column":20},"end":{"line":78,"column":null}},"type":"binary-expr","locations":[{"start":{"line":78,"column":20},"end":{"line":78,"column":49}},{"start":{"line":78,"column":49},"end":{"line":78,"column":null}}],"line":78},"19":{"loc":{"start":{"line":81,"column":4},"end":{"line":84,"column":null}},"type":"binary-expr","locations":[{"start":{"line":81,"column":4},"end":{"line":81,"column":null}},{"start":{"line":82,"column":4},"end":{"line":82,"column":null}},{"start":{"line":83,"column":4},"end":{"line":83,"column":null}},{"start":{"line":84,"column":4},"end":{"line":84,"column":null}}],"line":81}},"s":{"0":22,"1":0,"2":22,"3":0,"4":22,"5":0,"6":22,"7":22,"8":22,"9":4,"10":4,"11":18,"12":22,"13":22,"14":22,"15":22,"16":22,"17":22,"18":22,"19":22},"f":{"0":22},"b":{"0":[0,22],"1":[0,22],"2":[0,22],"3":[3,19],"4":[22,4],"5":[3,19],"6":[22,4],"7":[4,18],"8":[22,20],"9":[4,0],"10":[4,3,3,2,2,2],"11":[18,3],"12":[22,3],"13":[22,3],"14":[22,3],"15":[22,2],"16":[22,2],"17":[22,2],"18":[22,2],"19":[22,16,16,14]},"meta":{"lastBranch":20,"lastFunction":1,"lastStatement":20,"seen":{"f:24:16:24:Infinity":0,"b:28:2:29:Infinity:undefined:undefined:undefined:undefined":0,"s:28:2:29:Infinity":0,"s:29:4:29:Infinity":1,"b:32:2:33:Infinity:undefined:undefined:undefined:undefined":1,"s:32:2:33:Infinity":2,"s:33:4:33:Infinity":3,"b:36:2:37:Infinity:undefined:undefined:undefined:undefined":2,"s:36:2:37:Infinity":4,"s:37:4:37:Infinity":5,"s:40:8:43:Infinity":6,"b:42:8:42:Infinity:43:8:43:Infinity":3,"b:40:8:41:38:41:38:41:76":4,"s:45:8:49:Infinity":7,"b:48:8:48:Infinity:49:8:49:Infinity":5,"b:45:8:46:42:46:42:47:42":6,"b:51:2:60:Infinity:undefined:undefined:undefined:undefined":7,"s:51:2:60:Infinity":8,"b:51:6:51:24:51:24:51:42":8,"b:52:4:60:Infinity:undefined:undefined:undefined:undefined":9,"s:52:4:60:Infinity":9,"b:52:4:53:41:53:41:54:42:55:8:55:Infinity:55:9:56:45:56:45:57:46:58:8:58:Infinity":10,"s:60:6:60:Infinity":10,"s:64:22:64:Infinity":11,"b:64:22:64:50:64:50:64:Infinity":11,"s:66:20:66:Infinity":12,"b:66:20:66:46:66:46:66:Infinity":12,"s:68:22:68:Infinity":13,"b:68:22:68:53:68:53:68:Infinity":13,"s:70:20:70:Infinity":14,"b:70:20:70:49:70:49:70:Infinity":14,"s:72:22:72:Infinity":15,"b:72:22:72:50:72:50:72:Infinity":15,"s:74:20:74:Infinity":16,"b:74:20:74:46:74:46:74:Infinity":16,"s:76:22:76:Infinity":17,"b:76:22:76:53:76:53:76:Infinity":17,"s:78:20:78:Infinity":18,"b:78:20:78:49:78:49:78:Infinity":18,"s:80:2:84:Infinity":19,"b:81:4:81:Infinity:82:4:82:Infinity:83:4:83:Infinity:84:4:84:Infinity":19}}}
,"/Users/stomaks/Projects/Maksym-Stoianov/apps-script-utils/src/appsscript/sheet/extractRangeFromA1Notation.ts": {"path":"/Users/stomaks/Projects/Maksym-Stoianov/apps-script-utils/src/appsscript/sheet/extractRangeFromA1Notation.ts","statementMap":{"0":{"start":{"line":25,"column":2},"end":{"line":26,"column":null}},"1":{"start":{"line":26,"column":4},"end":{"line":26,"column":null}},"2":{"start":{"line":29,"column":22},"end":{"line":29,"column":59}},"3":{"start":{"line":31,"column":2},"end":{"line":32,"column":null}},"4":{"start":{"line":32,"column":4},"end":{"line":32,"column":null}},"5":{"start":{"line":35,"column":2},"end":{"line":35,"column":null}},"6":{"start":{"line":37,"column":2},"end":{"line":37,"column":null}}},"fnMap":{"0":{"name":"extractRangeFromA1Notation","decl":{"start":{"line":24,"column":16},"end":{"line":24,"column":43}},"loc":{"start":{"line":24,"column":78},"end":{"line":37,"column":null}},"line":24}},"branchMap":{"0":{"loc":{"start":{"line":25,"column":2},"end":{"line":26,"column":null}},"type":"if","locations":[{"start":{"line":25,"column":2},"end":{"line":26,"column":null}},{"start":{},"end":{}}],"line":25},"1":{"loc":{"start":{"line":31,"column":2},"end":{"line":32,"column":null}},"type":"if","locations":[{"start":{"line":31,"column":2},"end":{"line":32,"column":null}},{"start":{},"end":{}}],"line":31}},"s":{"0":8,"1":1,"2":7,"3":7,"4":0,"5":4,"6":4},"f":{"0":8},"b":{"0":[1,7],"1":[0,7]},"meta":{"lastBranch":2,"lastFunction":1,"lastStatement":7,"seen":{"f:24:16:24:43":0,"b:25:2:26:Infinity:undefined:undefined:undefined:undefined":0,"s:25:2:26:Infinity":0,"s:26:4:26:Infinity":1,"s:29:22:29:59":2,"b:31:2:32:Infinity:undefined:undefined:undefined:undefined":1,"s:31:2:32:Infinity":3,"s:32:4:32:Infinity":4,"s:35:2:35:Infinity":5,"s:37:2:37:Infinity":6}}}
,"/Users/stomaks/Projects/Maksym-Stoianov/apps-script-utils/src/appsscript/sheet/extractSheetNameFromA1Notation.ts": {"path":"/Users/stomaks/Projects/Maksym-Stoianov/apps-script-utils/src/appsscript/sheet/extractSheetNameFromA1Notation.ts","statementMap":{"0":{"start":{"line":31,"column":2},"end":{"line":32,"column":null}},"1":{"start":{"line":32,"column":4},"end":{"line":32,"column":null}},"2":{"start":{"line":35,"column":10},"end":{"line":35,"column":51}},"3":{"start":{"line":37,"column":2},"end":{"line":38,"column":null}},"4":{"start":{"line":38,"column":4},"end":{"line":38,"column":null}},"5":{"start":{"line":41,"column":2},"end":{"line":42,"column":null}},"6":{"start":{"line":42,"column":4},"end":{"line":42,"column":null}},"7":{"start":{"line":45,"column":2},"end":{"line":45,"column":null}}},"fnMap":{"0":{"name":"extractSheetNameFromA1Notation","decl":{"start":{"line":28,"column":16},"end":{"line":28,"column":null}},"loc":{"start":{"line":30,"column":17},"end":{"line":45,"column":null}},"line":30}},"branchMap":{"0":{"loc":{"start":{"line":31,"column":2},"end":{"line":32,"column":null}},"type":"if","locations":[{"start":{"line":31,"column":2},"end":{"line":32,"column":null}},{"start":{},"end":{}}],"line":31},"1":{"loc":{"start":{"line":37,"column":2},"end":{"line":38,"column":null}},"type":"if","locations":[{"start":{"line":37,"column":2},"end":{"line":38,"column":null}},{"start":{},"end":{}}],"line":37},"2":{"loc":{"start":{"line":41,"column":2},"end":{"line":42,"column":null}},"type":"if","locations":[{"start":{"line":41,"column":2},"end":{"line":42,"column":null}},{"start":{},"end":{}}],"line":41}},"s":{"0":9,"1":1,"2":8,"3":8,"4":2,"5":3,"6":0,"7":3},"f":{"0":9},"b":{"0":[1,8],"1":[2,6],"2":[0,3]},"meta":{"lastBranch":3,"lastFunction":1,"lastStatement":8,"seen":{"f:28:16:28:Infinity":0,"b:31:2:32:Infinity:undefined:undefined:undefined:undefined":0,"s:31:2:32:Infinity":0,"s:32:4:32:Infinity":1,"s:35:10:35:51":2,"b:37:2:38:Infinity:undefined:undefined:undefined:undefined":1,"s:37:2:38:Infinity":3,"s:38:4:38:Infinity":4,"b:41:2:42:Infinity:undefined:undefined:undefined:undefined":2,"s:41:2:42:Infinity":5,"s:42:4:42:Infinity":6,"s:45:2:45:Infinity":7}}}
,"/Users/stomaks/Projects/Maksym-Stoianov/apps-script-utils/src/appsscript/sheet/getColumnIndexByLetter.ts": {"path":"/Users/stomaks/Projects/Maksym-Stoianov/apps-script-utils/src/appsscript/sheet/getColumnIndexByLetter.ts","statementMap":{"0":{"start":{"line":26,"column":2},"end":{"line":27,"column":null}},"1":{"start":{"line":27,"column":4},"end":{"line":27,"column":null}},"2":{"start":{"line":30,"column":8},"end":{"line":30,"column":69}},"3":{"start":{"line":32,"column":18},"end":{"line":32,"column":null}},"4":{"start":{"line":34,"column":2},"end":{"line":37,"column":null}},"5":{"start":{"line":35,"column":4},"end":{"line":37,"column":null}},"6":{"start":{"line":40,"column":14},"end":{"line":40,"column":null}},"7":{"start":{"line":42,"column":15},"end":{"line":42,"column":null}},"8":{"start":{"line":44,"column":20},"end":{"line":44,"column":37}},"9":{"start":{"line":46,"column":2},"end":{"line":47,"column":null}},"10":{"start":{"line":46,"column":15},"end":{"line":46,"column":18}},"11":{"start":{"line":47,"column":4},"end":{"line":47,"column":null}},"12":{"start":{"line":50,"column":2},"end":{"line":50,"column":null}}},"fnMap":{"0":{"name":"getColumnIndexByLetter","decl":{"start":{"line":25,"column":16},"end":{"line":25,"column":39}},"loc":{"start":{"line":25,"column":70},"end":{"line":50,"column":null}},"line":25}},"branchMap":{"0":{"loc":{"start":{"line":26,"column":2},"end":{"line":27,"column":null}},"type":"if","locations":[{"start":{"line":26,"column":2},"end":{"line":27,"column":null}},{"start":{},"end":{}}],"line":26},"1":{"loc":{"start":{"line":34,"column":2},"end":{"line":37,"column":null}},"type":"if","locations":[{"start":{"line":34,"column":2},"end":{"line":37,"column":null}},{"start":{},"end":{}}],"line":34}},"s":{"0":54,"1":0,"2":54,"3":54,"4":54,"5":0,"6":54,"7":54,"8":54,"9":54,"10":54,"11":55,"12":54},"f":{"0":54},"b":{"0":[0,54],"1":[0,54]},"meta":{"lastBranch":2,"lastFunction":1,"lastStatement":13,"seen":{"f:25:16:25:39":0,"b:26:2:27:Infinity:undefined:undefined:undefined:undefined":0,"s:26:2:27:Infinity":0,"s:27:4:27:Infinity":1,"s:30:8:30:69":2,"s:32:18:32:Infinity":3,"b:34:2:37:Infinity:undefined:undefined:undefined:undefined":1,"s:34:2:37:Infinity":4,"s:35:4:37:Infinity":5,"s:40:14:40:Infinity":6,"s:42:15:42:Infinity":7,"s:44:20:44:37":8,"s:46:2:47:Infinity":9,"s:46:15:46:18":10,"s:47:4:47:Infinity":11,"s:50:2:50:Infinity":12}}}
,"/Users/stomaks/Projects/Maksym-Stoianov/apps-script-utils/src/appsscript/sheet/getColumnLetterByIndex.ts": {"path":"/Users/stomaks/Projects/Maksym-Stoianov/apps-script-utils/src/appsscript/sheet/getColumnLetterByIndex.ts","statementMap":{"0":{"start":{"line":26,"column":2},"end":{"line":27,"column":null}},"1":{"start":{"line":27,"column":4},"end":{"line":27,"column":null}},"2":{"start":{"line":30,"column":2},"end":{"line":31,"column":null}},"3":{"start":{"line":31,"column":4},"end":{"line":31,"column":null}},"4":{"start":{"line":34,"column":15},"end":{"line":34,"column":null}},"5":{"start":{"line":36,"column":13},"end":{"line":36,"column":null}},"6":{"start":{"line":38,"column":2},"end":{"line":42,"column":null}},"7":{"start":{"line":39,"column":10},"end":{"line":39,"column":null}},"8":{"start":{"line":41,"column":4},"end":{"line":41,"column":null}},"9":{"start":{"line":42,"column":4},"end":{"line":42,"column":null}},"10":{"start":{"line":45,"column":2},"end":{"line":45,"column":null}}},"fnMap":{"0":{"name":"getColumnLetterByIndex","decl":{"start":{"line":25,"column":16},"end":{"line":25,"column":39}},"loc":{"start":{"line":25,"column":68},"end":{"line":45,"column":null}},"line":25}},"branchMap":{"0":{"loc":{"start":{"line":26,"column":2},"end":{"line":27,"column":null}},"type":"if","locations":[{"start":{"line":26,"column":2},"end":{"line":27,"column":null}},{"start":{},"end":{}}],"line":26},"1":{"loc":{"start":{"line":30,"column":2},"end":{"line":31,"column":null}},"type":"if","locations":[{"start":{"line":30,"column":2},"end":{"line":31,"column":null}},{"start":{},"end":{}}],"line":30},"2":{"loc":{"start":{"line":30,"column":6},"end":{"line":30,"column":53}},"type":"binary-expr","locations":[{"start":{"line":30,"column":6},"end":{"line":30,"column":30}},{"start":{"line":30,"column":34},"end":{"line":30,"column":53}}],"line":30}},"s":{"0":57,"1":0,"2":57,"3":0,"4":57,"5":57,"6":57,"7":58,"8":58,"9":58,"10":57},"f":{"0":57},"b":{"0":[0,57],"1":[0,57],"2":[57,57]},"meta":{"lastBranch":3,"lastFunction":1,"lastStatement":11,"seen":{"f:25:16:25:39":0,"b:26:2:27:Infinity:undefined:undefined:undefined:undefined":0,"s:26:2:27:Infinity":0,"s:27:4:27:Infinity":1,"b:30:2:31:Infinity:undefined:undefined:undefined:undefined":1,"s:30:2:31:Infinity":2,"b:30:6:30:30:30:34:30:53":2,"s:31:4:31:Infinity":3,"s:34:15:34:Infinity":4,"s:36:13:36:Infinity":5,"s:38:2:42:Infinity":6,"s:39:10:39:Infinity":7,"s:41:4:41:Infinity":8,"s:42:4:42:Infinity":9,"s:45:2:45:Infinity":10}}}
,"/Users/stomaks/Projects/Maksym-Stoianov/apps-script-utils/src/appsscript/sheet/getSheetById.ts": {"path":"/Users/stomaks/Projects/Maksym-Stoianov/apps-script-utils/src/appsscript/sheet/getSheetById.ts","statementMap":{"0":{"start":{"line":22,"column":2},"end":{"line":23,"column":null}},"1":{"start":{"line":23,"column":4},"end":{"line":23,"column":null}},"2":{"start":{"line":26,"column":2},"end":{"line":27,"column":null}},"3":{"start":{"line":27,"column":4},"end":{"line":27,"column":null}},"4":{"start":{"line":30,"column":8},"end":{"line":30,"column":74}},"5":{"start":{"line":32,"column":2},"end":{"line":33,"column":null}},"6":{"start":{"line":33,"column":4},"end":{"line":33,"column":null}},"7":{"start":{"line":36,"column":2},"end":{"line":38,"column":null}},"8":{"start":{"line":37,"column":4},"end":{"line":38,"column":null}},"9":{"start":{"line":38,"column":6},"end":{"line":38,"column":null}},"10":{"start":{"line":42,"column":2},"end":{"line":42,"column":null}}},"fnMap":{"0":{"name":"getSheetById","decl":{"start":{"line":18,"column":16},"end":{"line":18,"column":null}},"loc":{"start":{"line":21,"column":45},"end":{"line":42,"column":null}},"line":21}},"branchMap":{"0":{"loc":{"start":{"line":22,"column":2},"end":{"line":23,"column":null}},"type":"if","locations":[{"start":{"line":22,"column":2},"end":{"line":23,"column":null}},{"start":{},"end":{}}],"line":22},"1":{"loc":{"start":{"line":26,"column":2},"end":{"line":27,"column":null}},"type":"if","locations":[{"start":{"line":26,"column":2},"end":{"line":27,"column":null}},{"start":{},"end":{}}],"line":26},"2":{"loc":{"start":{"line":26,"column":8},"end":{"line":26,"column":45}},"type":"binary-expr","locations":[{"start":{"line":26,"column":8},"end":{"line":26,"column":25}},{"start":{"line":26,"column":20},"end":{"line":26,"column":45}}],"line":26},"3":{"loc":{"start":{"line":30,"column":18},"end":{"line":30,"column":61}},"type":"binary-expr","locations":[{"start":{"line":30,"column":18},"end":{"line":30,"column":24}},{"start":{"line":30,"column":24},"end":{"line":30,"column":61}}],"line":30},"4":{"loc":{"start":{"line":32,"column":2},"end":{"line":33,"column":null}},"type":"if","locations":[{"start":{"line":32,"column":2},"end":{"line":33,"column":null}},{"start":{},"end":{}}],"line":32},"5":{"loc":{"start":{"line":37,"column":4},"end":{"line":38,"column":null}},"type":"if","locations":[{"start":{"line":37,"column":4},"end":{"line":38,"column":null}},{"start":{},"end":{}}],"line":37}},"s":{"0":0,"1":0,"2":0,"3":0,"4":0,"5":0,"6":0,"7":0,"8":0,"9":0,"10":0},"f":{"0":0},"b":{"0":[0,0],"1":[0,0],"2":[0,0],"3":[0,0],"4":[0,0],"5":[0,0]},"meta":{"lastBranch":6,"lastFunction":1,"lastStatement":11,"seen":{"f:18:16:18:Infinity":0,"b:22:2:23:Infinity:undefined:undefined:undefined:undefined":0,"s:22:2:23:Infinity":0,"s:23:4:23:Infinity":1,"b:26:2:27:Infinity:undefined:undefined:undefined:undefined":1,"s:26:2:27:Infinity":2,"b:26:8:26:25:26:20:26:45":2,"s:27:4:27:Infinity":3,"s:30:8:30:74":4,"b:30:18:30:24:30:24:30:61":3,"b:32:2:33:Infinity:undefined:undefined:undefined:undefined":4,"s:32:2:33:Infinity":5,"s:33:4:33:Infinity":6,"s:36:2:38:Infinity":7,"b:37:4:38:Infinity:undefined:undefined:undefined:undefined":5,"s:37:4:38:Infinity":8,"s:38:6:38:Infinity":9,"s:42:2:42:Infinity":10}}}
,"/Users/stomaks/Projects/Maksym-Stoianov/apps-script-utils/src/appsscript/sheet/getSheetByIndex.ts": {"path":"/Users/stomaks/Projects/Maksym-Stoianov/apps-script-utils/src/appsscript/sheet/getSheetByIndex.ts","statementMap":{"0":{"start":{"line":21,"column":2},"end":{"line":22,"column":null}},"1":{"start":{"line":22,"column":4},"end":{"line":22,"column":null}},"2":{"start":{"line":25,"column":2},"end":{"line":26,"column":null}},"3":{"start":{"line":26,"column":4},"end":{"line":26,"column":null}},"4":{"start":{"line":29,"column":13},"end":{"line":29,"column":65}},"5":{"start":{"line":31,"column":2},"end":{"line":32,"column":null}},"6":{"start":{"line":32,"column":4},"end":{"line":32,"column":null}},"7":{"start":{"line":35,"column":17},"end":{"line":35,"column":31}},"8":{"start":{"line":37,"column":2},"end":{"line":38,"column":null}},"9":{"start":{"line":38,"column":4},"end":{"line":38,"column":null}},"10":{"start":{"line":41,"column":2},"end":{"line":41,"column":null}}},"fnMap":{"0":{"name":"getSheetByIndex","decl":{"start":{"line":17,"column":16},"end":{"line":17,"column":null}},"loc":{"start":{"line":20,"column":45},"end":{"line":41,"column":null}},"line":20}},"branchMap":{"0":{"loc":{"start":{"line":21,"column":2},"end":{"line":22,"column":null}},"type":"if","locations":[{"start":{"line":21,"column":2},"end":{"line":22,"column":null}},{"start":{},"end":{}}],"line":21},"1":{"loc":{"start":{"line":25,"column":2},"end":{"line":26,"column":null}},"type":"if","locations":[{"start":{"line":25,"column":2},"end":{"line":26,"column":null}},{"start":{},"end":{}}],"line":25},"2":{"loc":{"start":{"line":25,"column":8},"end":{"line":25,"column":51}},"type":"binary-expr","locations":[{"start":{"line":25,"column":8},"end":{"line":25,"column":28}},{"start":{"line":25,"column":23},"end":{"line":25,"column":51}}],"line":25},"3":{"loc":{"start":{"line":29,"column":13},"end":{"line":29,"column":65}},"type":"binary-expr","locations":[{"start":{"line":29,"column":13},"end":{"line":29,"column":28}},{"start":{"line":29,"column":28},"end":{"line":29,"column":65}}],"line":29},"4":{"loc":{"start":{"line":31,"column":2},"end":{"line":32,"column":null}},"type":"if","locations":[{"start":{"line":31,"column":2},"end":{"line":32,"column":null}},{"start":{},"end":{}}],"line":31},"5":{"loc":{"start":{"line":37,"column":2},"end":{"line":38,"column":null}},"type":"if","locations":[{"start":{"line":37,"column":2},"end":{"line":38,"column":null}},{"start":{},"end":{}}],"line":37},"6":{"loc":{"start":{"line":41,"column":9},"end":{"line":41,"column":null}},"type":"binary-expr","locations":[{"start":{"line":41,"column":9},"end":{"line":41,"column":31}},{"start":{"line":41,"column":31},"end":{"line":41,"column":null}}],"line":41}},"s":{"0":0,"1":0,"2":0,"3":0,"4":0,"5":0,"6":0,"7":0,"8":0,"9":0,"10":0},"f":{"0":0},"b":{"0":[0,0],"1":[0,0],"2":[0,0],"3":[0,0],"4":[0,0],"5":[0,0],"6":[0,0]},"meta":{"lastBranch":7,"lastFunction":1,"lastStatement":11,"seen":{"f:17:16:17:Infinity":0,"b:21:2:22:Infinity:undefined:undefined:undefined:undefined":0,"s:21:2:22:Infinity":0,"s:22:4:22:Infinity":1,"b:25:2:26:Infinity:undefined:undefined:undefined:undefined":1,"s:25:2:26:Infinity":2,"b:25:8:25:28:25:23:25:51":2,"s:26:4:26:Infinity":3,"s:29:13:29:65":4,"b:29:13:29:28:29:28:29:65":3,"b:31:2:32:Infinity:undefined:undefined:undefined:undefined":4,"s:31:2:32:Infinity":5,"s:32:4:32:Infinity":6,"s:35:17:35:31":7,"b:37:2:38:Infinity:undefined:undefined:undefined:undefined":5,"s:37:2:38:Infinity":8,"s:38:4:38:Infinity":9,"s:41:2:41:Infinity":10,"b:41:9:41:31:41:31:41:Infinity":6}}}
,"/Users/stomaks/Projects/Maksym-Stoianov/apps-script-utils/src/appsscript/sheet/highlightHtml.ts": {"path":"/Users/stomaks/Projects/Maksym-Stoianov/apps-script-utils/src/appsscript/sheet/highlightHtml.ts","statementMap":{"0":{"start":{"line":22,"column":38},"end":{"line":63,"column":null}},"1":{"start":{"line":116,"column":2},"end":{"line":117,"column":null}},"2":{"start":{"line":117,"column":4},"end":{"line":117,"column":null}},"3":{"start":{"line":120,"column":2},"end":{"line":120,"column":null}},"4":{"start":{"line":122,"column":42},"end":{"line":130,"column":null}},"5":{"start":{"line":132,"column":77},"end":{"line":132,"column":79}},"6":{"start":{"line":134,"column":2},"end":{"line":164,"column":null}},"7":{"start":{"line":135,"column":4},"end":{"line":136,"column":null}},"8":{"start":{"line":136,"column":6},"end":{"line":136,"column":null}},"9":{"start":{"line":139,"column":35},"end":{"line":139,"column":null}},"10":{"start":{"line":141,"column":4},"end":{"line":142,"column":null}},"11":{"start":{"line":142,"column":6},"end":{"line":142,"column":null}},"12":{"start":{"line":145,"column":20},"end":{"line":145,"column":49}},"13":{"start":{"line":147,"column":4},"end":{"line":148,"column":null}},"14":{"start":{"line":148,"column":6},"end":{"line":148,"column":null}},"15":{"start":{"line":151,"column":4},"end":{"line":152,"column":null}},"16":{"start":{"line":152,"column":6},"end":{"line":152,"column":null}},"17":{"start":{"line":155,"column":4},"end":{"line":156,"column":null}},"18":{"start":{"line":156,"column":6},"end":{"line":156,"column":null}},"19":{"start":{"line":159,"column":4},"end":{"line":159,"column":null}},"20":{"start":{"line":160,"column":4},"end":{"line":160,"column":null}},"21":{"start":{"line":161,"column":4},"end":{"line":161,"column":null}},"22":{"start":{"line":162,"column":4},"end":{"line":162,"column":null}},"23":{"start":{"line":164,"column":4},"end":{"line":164,"column":null}},"24":{"start":{"line":167,"column":8},"end":{"line":226,"column":null}},"25":{"start":{"line":171,"column":28},"end":{"line":171,"column":61}},"26":{"start":{"line":173,"column":4},"end":{"line":174,"column":null}},"27":{"start":{"line":174,"column":6},"end":{"line":174,"column":null}},"28":{"start":{"line":177,"column":4},"end":{"line":177,"column":null}},"29":{"start":{"line":178,"column":4},"end":{"line":178,"column":null}},"30":{"start":{"line":180,"column":21},"end":{"line":180,"column":null}},"31":{"start":{"line":184,"column":4},"end":{"line":222,"column":null}},"32":{"start":{"line":185,"column":28},"end":{"line":185,"column":null}},"33":{"start":{"line":187,"column":25},"end":{"line":187,"column":null}},"34":{"start":{"line":189,"column":6},"end":{"line":222,"column":null}},"35":{"start":{"line":190,"column":8},"end":{"line":194,"column":null}},"36":{"start":{"line":196,"column":8},"end":{"line":222,"column":null}},"37":{"start":{"line":200,"column":8},"end":{"line":204,"column":null}},"38":{"start":{"line":205,"column":17},"end":{"line":222,"column":null}},"39":{"start":{"line":206,"column":33},"end":{"line":206,"column":null}},"40":{"start":{"line":208,"column":34},"end":{"line":208,"column":null}},"41":{"start":{"line":210,"column":8},"end":{"line":214,"column":null}},"42":{"start":{"line":216,"column":36},"end":{"line":216,"column":null}},"43":{"start":{"line":218,"column":8},"end":{"line":222,"column":null}},"44":{"start":{"line":226,"column":4},"end":{"line":226,"column":null}},"45":{"start":{"line":229,"column":25},"end":{"line":232,"column":null}},"46":{"start":{"line":232,"column":6},"end":{"line":232,"column":69}},"47":{"start":{"line":232,"column":24},"end":{"line":232,"column":68}},"48":{"start":{"line":235,"column":2},"end":{"line":238,"column":null}},"49":{"start":{"line":236,"column":4},"end":{"line":236,"column":null}},"50":{"start":{"line":238,"column":4},"end":{"line":238,"column":null}},"51":{"start":{"line":241,"column":2},"end":{"line":241,"column":null}}},"fnMap":{"0":{"name":"highlightHtml","decl":{"start":{"line":112,"column":16},"end":{"line":112,"column":null}},"loc":{"start":{"line":115,"column":38},"end":{"line":241,"column":null}},"line":115},"1":{"name":"(anonymous_1)","decl":{"start":{"line":167,"column":8},"end":{"line":167,"column":null}},"loc":{"start":{"line":170,"column":51},"end":{"line":226,"column":null}},"line":170},"2":{"name":"(anonymous_2)","decl":{"start":{"line":231,"column":5},"end":{"line":231,"column":9}},"loc":{"start":{"line":232,"column":6},"end":{"line":232,"column":69}},"line":232},"3":{"name":"(anonymous_3)","decl":{"start":{"line":232,"column":12},"end":{"line":232,"column":16}},"loc":{"start":{"line":232,"column":24},"end":{"line":232,"column":68}},"line":232}},"branchMap":{"0":{"loc":{"start":{"line":114,"column":2},"end":{"line":114,"column":38}},"type":"default-arg","locations":[{"start":{"line":114,"column":36},"end":{"line":114,"column":38}}],"line":114},"1":{"loc":{"start":{"line":116,"column":2},"end":{"line":117,"column":null}},"type":"if","locations":[{"start":{"line":116,"column":2},"end":{"line":117,"column":null}},{"start":{},"end":{}}],"line":116},"2":{"loc":{"start":{"line":125,"column":38},"end":{"line":125,"column":58}},"type":"binary-expr","locations":[{"start":{"line":125,"column":38},"end":{"line":125,"column":53}},{"start":{"line":125,"column":53},"end":{"line":125,"column":58}}],"line":125},"3":{"loc":{"start":{"line":126,"column":36},"end":{"line":126,"column":55}},"type":"binary-expr","locations":[{"start":{"line":126,"column":36},"end":{"line":126,"column":50}},{"start":{"line":126,"column":50},"end":{"line":126,"column":55}}],"line":126},"4":{"loc":{"start":{"line":127,"column":46},"end":{"line":127,"column":70}},"type":"binary-expr","locations":[{"start":{"line":127,"column":46},"end":{"line":127,"column":65}},{"start":{"line":127,"column":65},"end":{"line":127,"column":70}}],"line":127},"5":{"loc":{"start":{"line":128,"column":48},"end":{"line":128,"column":73}},"type":"binary-expr","locations":[{"start":{"line":128,"column":48},"end":{"line":128,"column":68}},{"start":{"line":128,"column":68},"end":{"line":128,"column":73}}],"line":128},"6":{"loc":{"start":{"line":129,"column":44},"end":{"line":129,"column":null}},"type":"binary-expr","locations":[{"start":{"line":129,"column":44},"end":{"line":129,"column":62}},{"start":{"line":129,"column":62},"end":{"line":129,"column":null}}],"line":129},"7":{"loc":{"start":{"line":135,"column":4},"end":{"line":136,"column":null}},"type":"if","locations":[{"start":{"line":135,"column":4},"end":{"line":136,"column":null}},{"start":{},"end":{}}],"line":135},"8":{"loc":{"start":{"line":141,"column":4},"end":{"line":142,"column":null}},"type":"if","locations":[{"start":{"line":141,"column":4},"end":{"line":142,"column":null}},{"start":{},"end":{}}],"line":141},"9":{"loc":{"start":{"line":147,"column":4},"end":{"line":148,"column":null}},"type":"if","locations":[{"start":{"line":147,"column":4},"end":{"line":148,"column":null}},{"start":{},"end":{}}],"line":147},"10":{"loc":{"start":{"line":151,"column":4},"end":{"line":152,"column":null}},"type":"if","locations":[{"start":{"line":151,"column":4},"end":{"line":152,"column":null}},{"start":{},"end":{}}],"line":151},"11":{"loc":{"start":{"line":155,"column":4},"end":{"line":156,"column":null}},"type":"if","locations":[{"start":{"line":155,"column":4},"end":{"line":156,"column":null}},{"start":{},"end":{}}],"line":155},"12":{"loc":{"start":{"line":173,"column":4},"end":{"line":174,"column":null}},"type":"if","locations":[{"start":{"line":173,"column":4},"end":{"line":174,"column":null}},{"start":{},"end":{}}],"line":173},"13":{"loc":{"start":{"line":173,"column":8},"end":{"line":173,"column":47}},"type":"binary-expr","locations":[{"start":{"line":173,"column":8},"end":{"line":173,"column":23}},{"start":{"line":173,"column":23},"end":{"line":173,"column":47}}],"line":173},"14":{"loc":{"start":{"line":189,"column":6},"end":{"line":222,"column":null}},"type":"if","locations":[{"start":{"line":189,"column":6},"end":{"line":222,"column":null}},{"start":{"line":196,"column":8},"end":{"line":222,"column":null}}],"line":189},"15":{"loc":{"start":{"line":189,"column":10},"end":{"line":189,"column":75}},"type":"binary-expr","locations":[{"start":{"line":189,"column":10},"end":{"line":189,"column":42}},{"start":{"line":189,"column":46},"end":{"line":189,"column":75}}],"line":189},"16":{"loc":{"start":{"line":196,"column":8},"end":{"line":222,"column":null}},"type":"if","locations":[{"start":{"line":196,"column":8},"end":{"line":222,"column":null}},{"start":{"line":205,"column":17},"end":{"line":222,"column":null}}],"line":196},"17":{"loc":{"start":{"line":196,"column":8},"end":{"line":198,"column":35}},"type":"binary-expr","locations":[{"start":{"line":196,"column":8},"end":{"line":196,"column":37}},{"start":{"line":197,"column":8},"end":{"line":197,"column":38}},{"start":{"line":198,"column":8},"end":{"line":198,"column":35}}],"line":196},"18":{"loc":{"start":{"line":205,"column":17},"end":{"line":222,"column":null}},"type":"if","locations":[{"start":{"line":205,"column":17},"end":{"line":222,"column":null}},{"start":{},"end":{}}],"line":205},"19":{"loc":{"start":{"line":235,"column":2},"end":{"line":238,"column":null}},"type":"if","locations":[{"start":{"line":235,"column":2},"end":{"line":238,"column":null}},{"start":{"line":237,"column":9},"end":{"line":238,"column":null}}],"line":235},"20":{"loc":{"start":{"line":235,"column":6},"end":{"line":235,"column":63}},"type":"binary-expr","locations":[{"start":{"line":235,"column":6},"end":{"line":235,"column":34}},{"start":{"line":235,"column":34},"end":{"line":235,"column":63}}],"line":235}},"s":{"0":4,"1":0,"2":0,"3":0,"4":0,"5":0,"6":0,"7":0,"8":0,"9":0,"10":0,"11":0,"12":0,"13":0,"14":0,"15":0,"16":0,"17":0,"18":0,"19":0,"20":0,"21":0,"22":0,"23":0,"24":0,"25":0,"26":0,"27":0,"28":0,"29":0,"30":0,"31":0,"32":0,"33":0,"34":0,"35":0,"36":0,"37":0,"38":0,"39":0,"40":0,"41":0,"42":0,"43":0,"44":0,"45":0,"46":0,"47":0,"48":0,"49":0,"50":0,"51":0},"f":{"0":0,"1":0,"2":0,"3":0},"b":{"0":[0],"1":[0,0],"2":[0,0],"3":[0,0],"4":[0,0],"5":[0,0],"6":[0,0],"7":[0,0],"8":[0,0],"9":[0,0],"10":[0,0],"11":[0,0],"12":[0,0],"13":[0,0],"14":[0,0],"15":[0,0],"16":[0,0],"17":[0,0,0],"18":[0,0],"19":[0,0],"20":[0,0]},"meta":{"lastBranch":21,"lastFunction":4,"lastStatement":52,"seen":{"s:22:38:63:Infinity":0,"f:112:16:112:Infinity":0,"b:114:36:114:38":0,"b:116:2:117:Infinity:undefined:undefined:undefined:undefined":1,"s:116:2:117:Infinity":1,"s:117:4:117:Infinity":2,"s:120:2:120:Infinity":3,"s:122:42:130:Infinity":4,"b:125:38:125:53:125:53:125:58":2,"b:126:36:126:50:126:50:126:55":3,"b:127:46:127:65:127:65:127:70":4,"b:128:48:128:68:128:68:128:73":5,"b:129:44:129:62:129:62:129:Infinity":6,"s:132:77:132:79":5,"s:134:2:164:Infinity":6,"b:135:4:136:Infinity:undefined:undefined:undefined:undefined":7,"s:135:4:136:Infinity":7,"s:136:6:136:Infinity":8,"s:139:35:139:Infinity":9,"b:141:4:142:Infinity:undefined:undefined:undefined:undefined":8,"s:141:4:142:Infinity":10,"s:142:6:142:Infinity":11,"s:145:20:145:49":12,"b:147:4:148:Infinity:undefined:undefined:undefined:undefined":9,"s:147:4:148:Infinity":13,"s:148:6:148:Infinity":14,"b:151:4:152:Infinity:undefined:undefined:undefined:undefined":10,"s:151:4:152:Infinity":15,"s:152:6:152:Infinity":16,"b:155:4:156:Infinity:undefined:undefined:undefined:undefined":11,"s:155:4:156:Infinity":17,"s:156:6:156:Infinity":18,"s:159:4:159:Infinity":19,"s:160:4:160:Infinity":20,"s:161:4:161:Infinity":21,"s:162:4:162:Infinity":22,"s:164:4:164:Infinity":23,"s:167:8:226:Infinity":24,"f:167:8:167:Infinity":1,"s:171:28:171:61":25,"b:173:4:174:Infinity:undefined:undefined:undefined:undefined":12,"s:173:4:174:Infinity":26,"b:173:8:173:23:173:23:173:47":13,"s:174:6:174:Infinity":27,"s:177:4:177:Infinity":28,"s:178:4:178:Infinity":29,"s:180:21:180:Infinity":30,"s:184:4:222:Infinity":31,"s:185:28:185:Infinity":32,"s:187:25:187:Infinity":33,"b:189:6:222:Infinity:196:8:222:Infinity":14,"s:189:6:222:Infinity":34,"b:189:10:189:42:189:46:189:75":15,"s:190:8:194:Infinity":35,"b:196:8:222:Infinity:205:17:222:Infinity":16,"s:196:8:222:Infinity":36,"b:196:8:196:37:197:8:197:38:198:8:198:35":17,"s:200:8:204:Infinity":37,"b:205:17:222:Infinity:undefined:undefined:undefined:undefined":18,"s:205:17:222:Infinity":38,"s:206:33:206:Infinity":39,"s:208:34:208:Infinity":40,"s:210:8:214:Infinity":41,"s:216:36:216:Infinity":42,"s:218:8:222:Infinity":43,"s:226:4:226:Infinity":44,"s:229:25:232:Infinity":45,"f:231:5:231:9":2,"s:232:6:232:69":46,"f:232:12:232:16":3,"s:232:24:232:68":47,"b:235:2:238:Infinity:237:9:238:Infinity":19,"s:235:2:238:Infinity":48,"b:235:6:235:34:235:34:235:63":20,"s:236:4:236:Infinity":49,"s:238:4:238:Infinity":50,"s:241:2:241:Infinity":51}}}
,"/Users/stomaks/Projects/Maksym-Stoianov/apps-script-utils/src/appsscript/sheet/index.ts": {"path":"/Users/stomaks/Projects/Maksym-Stoianov/apps-script-utils/src/appsscript/sheet/index.ts","statementMap":{},"fnMap":{},"branchMap":{},"s":{},"f":{},"b":{},"meta":{"lastBranch":0,"lastFunction":0,"lastStatement":0,"seen":{}}}
,"/Users/stomaks/Projects/Maksym-Stoianov/apps-script-utils/src/appsscript/sheet/isCellGridRange.ts": {"path":"/Users/stomaks/Projects/Maksym-Stoianov/apps-script-utils/src/appsscript/sheet/isCellGridRange.ts","statementMap":{"0":{"start":{"line":19,"column":2},"end":{"line":20,"column":null}},"1":{"start":{"line":20,"column":4},"end":{"line":20,"column":null}},"2":{"start":{"line":24,"column":4},"end":{"line":24,"column":null}},"3":{"start":{"line":26,"column":2},"end":{"line":36,"column":null}},"4":{"start":{"line":32,"column":24},"end":{"line":32,"column":null}},"5":{"start":{"line":34,"column":27},"end":{"line":34,"column":null}},"6":{"start":{"line":36,"column":4},"end":{"line":36,"column":null}},"7":{"start":{"line":39,"column":2},"end":{"line":39,"column":null}}},"fnMap":{"0":{"name":"isCellGridRange","decl":{"start":{"line":18,"column":16},"end":{"line":18,"column":32}},"loc":{"start":{"line":18,"column":63},"end":{"line":39,"column":null}},"line":18}},"branchMap":{"0":{"loc":{"start":{"line":19,"column":2},"end":{"line":20,"column":null}},"type":"if","locations":[{"start":{"line":19,"column":2},"end":{"line":20,"column":null}},{"start":{},"end":{}}],"line":19},"1":{"loc":{"start":{"line":26,"column":2},"end":{"line":36,"column":null}},"type":"if","locations":[{"start":{"line":26,"column":2},"end":{"line":36,"column":null}},{"start":{},"end":{}}],"line":26},"2":{"loc":{"start":{"line":26,"column":2},"end":{"line":30,"column":26}},"type":"binary-expr","locations":[{"start":{"line":26,"column":2},"end":{"line":27,"column":25}},{"start":{"line":27,"column":25},"end":{"line":28,"column":23}},{"start":{"line":28,"column":23},"end":{"line":29,"column":28}},{"start":{"line":29,"column":28},"end":{"line":30,"column":26}}],"line":26},"3":{"loc":{"start":{"line":36,"column":11},"end":{"line":36,"column":null}},"type":"binary-expr","locations":[{"start":{"line":36,"column":11},"end":{"line":36,"column":26}},{"start":{"line":36,"column":26},"end":{"line":36,"column":null}}],"line":36}},"s":{"0":0,"1":0,"2":0,"3":0,"4":0,"5":0,"6":0,"7":0},"f":{"0":0},"b":{"0":[0,0],"1":[0,0],"2":[0,0,0,0],"3":[0,0]},"meta":{"lastBranch":4,"lastFunction":1,"lastStatement":8,"seen":{"f:18:16:18:32":0,"b:19:2:20:Infinity:undefined:undefined:undefined:undefined":0,"s:19:2:20:Infinity":0,"s:20:4:20:Infinity":1,"s:24:4:24:Infinity":2,"b:26:2:36:Infinity:undefined:undefined:undefined:undefined":1,"s:26:2:36:Infinity":3,"b:26:2:27:25:27:25:28:23:28:23:29:28:29:28:30:26":2,"s:32:24:32:Infinity":4,"s:34:27:34:Infinity":5,"s:36:4:36:Infinity":6,"b:36:11:36:26:36:26:36:Infinity":3,"s:39:2:39:Infinity":7}}}
,"/Users/stomaks/Projects/Maksym-Stoianov/apps-script-utils/src/appsscript/sheet/isGridRangeContainedIn.ts": {"path":"/Users/stomaks/Projects/Maksym-Stoianov/apps-script-utils/src/appsscript/sheet/isGridRangeContainedIn.ts","statementMap":{"0":{"start":{"line":25,"column":2},"end":{"line":26,"column":null}},"1":{"start":{"line":26,"column":4},"end":{"line":26,"column":null}},"2":{"start":{"line":30,"column":4},"end":{"line":32,"column":null}},"3":{"start":{"line":35,"column":4},"end":{"line":37,"column":null}},"4":{"start":{"line":39,"column":2},"end":{"line":48,"column":null}},"5":{"start":{"line":40,"column":4},"end":{"line":48,"column":null}},"6":{"start":{"line":48,"column":6},"end":{"line":48,"column":null}},"7":{"start":{"line":52,"column":24},"end":{"line":52,"column":null}},"8":{"start":{"line":54,"column":22},"end":{"line":54,"column":null}},"9":{"start":{"line":56,"column":24},"end":{"line":56,"column":null}},"10":{"start":{"line":58,"column":22},"end":{"line":58,"column":null}},"11":{"start":{"line":60,"column":24},"end":{"line":60,"column":null}},"12":{"start":{"line":62,"column":22},"end":{"line":62,"column":null}},"13":{"start":{"line":64,"column":24},"end":{"line":64,"column":null}},"14":{"start":{"line":66,"column":22},"end":{"line":66,"column":null}},"15":{"start":{"line":68,"column":2},"end":{"line":72,"column":null}}},"fnMap":{"0":{"name":"isGridRangeContainedIn","decl":{"start":{"line":21,"column":16},"end":{"line":21,"column":null}},"loc":{"start":{"line":24,"column":11},"end":{"line":72,"column":null}},"line":24}},"branchMap":{"0":{"loc":{"start":{"line":25,"column":2},"end":{"line":26,"column":null}},"type":"if","locations":[{"start":{"line":25,"column":2},"end":{"line":26,"column":null}},{"start":{},"end":{}}],"line":25},"1":{"loc":{"start":{"line":30,"column":4},"end":{"line":32,"column":null}},"type":"cond-expr","locations":[{"start":{"line":31,"column":8},"end":{"line":31,"column":null}},{"start":{"line":32,"column":8},"end":{"line":32,"column":null}}],"line":30},"2":{"loc":{"start":{"line":30,"column":4},"end":{"line":30,"column":null}},"type":"binary-expr","locations":[{"start":{"line":30,"column":4},"end":{"line":30,"column":42}},{"start":{"line":30,"column":42},"end":{"line":30,"column":null}}],"line":30},"3":{"loc":{"start":{"line":35,"column":4},"end":{"line":37,"column":null}},"type":"cond-expr","locations":[{"start":{"line":36,"column":8},"end":{"line":36,"column":null}},{"start":{"line":37,"column":8},"end":{"line":37,"column":null}}],"line":35},"4":{"loc":{"start":{"line":35,"column":4},"end":{"line":35,"column":null}},"type":"binary-expr","locations":[{"start":{"line":35,"column":4},"end":{"line":35,"column":44}},{"start":{"line":35,"column":44},"end":{"line":35,"column":null}}],"line":35},"5":{"loc":{"start":{"line":39,"column":2},"end":{"line":48,"column":null}},"type":"if","locations":[{"start":{"line":39,"column":2},"end":{"line":48,"column":null}},{"start":{},"end":{}}],"line":39},"6":{"loc":{"start":{"line":39,"column":6},"end":{"line":39,"column":42}},"type":"binary-expr","locations":[{"start":{"line":39,"column":6},"end":{"line":39,"column":24}},{"start":{"line":39,"column":24},"end":{"line":39,"column":42}}],"line":39},"7":{"loc":{"start":{"line":40,"column":4},"end":{"line":48,"column":null}},"type":"if","locations":[{"start":{"line":40,"column":4},"end":{"line":48,"column":null}},{"start":{},"end":{}}],"line":40},"8":{"loc":{"start":{"line":41,"column":7},"end":{"line":46,"column":null}},"type":"binary-expr","locations":[{"start":{"line":41,"column":7},"end":{"line":41,"column":null}},{"start":{"line":42,"column":8},"end":{"line":42,"column":null}},{"start":{"line":43,"column":8},"end":{"line":43,"column":null}},{"start":{"line":44,"column":7},"end":{"line":44,"column":null}},{"start":{"line":45,"column":8},"end":{"line":45,"column":null}},{"start":{"line":46,"column":8},"end":{"line":46,"column":null}}],"line":41},"9":{"loc":{"start":{"line":52,"column":24},"end":{"line":52,"column":null}},"type":"binary-expr","locations":[{"start":{"line":52,"column":24},"end":{"line":52,"column":60}},{"start":{"line":52,"column":60},"end":{"line":52,"column":null}}],"line":52},"10":{"loc":{"start":{"line":54,"column":22},"end":{"line":54,"column":null}},"type":"binary-expr","locations":[{"start":{"line":54,"column":22},"end":{"line":54,"column":56}},{"start":{"line":54,"column":56},"end":{"line":54,"column":null}}],"line":54},"11":{"loc":{"start":{"line":56,"column":24},"end":{"line":56,"column":null}},"type":"binary-expr","locations":[{"start":{"line":56,"column":24},"end":{"line":56,"column":63}},{"start":{"line":56,"column":63},"end":{"line":56,"column":null}}],"line":56},"12":{"loc":{"start":{"line":58,"column":22},"end":{"line":58,"column":null}},"type":"binary-expr","locations":[{"start":{"line":58,"column":22},"end":{"line":58,"column":59}},{"start":{"line":58,"column":59},"end":{"line":58,"column":null}}],"line":58},"13":{"loc":{"start":{"line":60,"column":24},"end":{"line":60,"column":null}},"type":"binary-expr","locations":[{"start":{"line":60,"column":24},"end":{"line":60,"column":51}},{"start":{"line":60,"column":51},"end":{"line":60,"column":null}}],"line":60},"14":{"loc":{"start":{"line":62,"column":22},"end":{"line":62,"column":null}},"type":"binary-expr","locations":[{"start":{"line":62,"column":22},"end":{"line":62,"column":47}},{"start":{"line":62,"column":47},"end":{"line":62,"column":null}}],"line":62},"15":{"loc":{"start":{"line":64,"column":24},"end":{"line":64,"column":null}},"type":"binary-expr","locations":[{"start":{"line":64,"column":24},"end":{"line":64,"column":54}},{"start":{"line":64,"column":54},"end":{"line":64,"column":null}}],"line":64},"16":{"loc":{"start":{"line":66,"column":22},"end":{"line":66,"column":null}},"type":"binary-expr","locations":[{"start":{"line":66,"column":22},"end":{"line":66,"column":50}},{"start":{"line":66,"column":50},"end":{"line":66,"column":null}}],"line":66},"17":{"loc":{"start":{"line":69,"column":4},"end":{"line":72,"column":null}},"type":"binary-expr","locations":[{"start":{"line":69,"column":4},"end":{"line":69,"column":null}},{"start":{"line":70,"column":4},"end":{"line":70,"column":null}},{"start":{"line":71,"column":4},"end":{"line":71,"column":null}},{"start":{"line":72,"column":4},"end":{"line":72,"column":null}}],"line":69}},"s":{"0":0,"1":0,"2":0,"3":0,"4":0,"5":0,"6":0,"7":0,"8":0,"9":0,"10":0,"11":0,"12":0,"13":0,"14":0,"15":0},"f":{"0":0},"b":{"0":[0,0],"1":[0,0],"2":[0,0],"3":[0,0],"4":[0,0],"5":[0,0],"6":[0,0],"7":[0,0],"8":[0,0,0,0,0,0],"9":[0,0],"10":[0,0],"11":[0,0],"12":[0,0],"13":[0,0],"14":[0,0],"15":[0,0],"16":[0,0
[...]
,"/Users/stomaks/Projects/Maksym-Stoianov/apps-script-utils/src/net/index.ts": {"path":"/Users/stomaks/Projects/Maksym-Stoianov/apps-script-utils/src/net/index.ts","statementMap":{},"fnMap":{},"branchMap":{},"s":{},"f":{},"b":{},"meta":{"lastBranch":0,"lastFunction":0,"lastStatement":0,"seen":{}}}
,"/Users/stomaks/Projects/Maksym-Stoianov/apps-script-utils/src/net/emitter/index.ts": {"path":"/Users/stomaks/Projects/Maksym-Stoianov/apps-script-utils/src/net/emitter/index.ts","statementMap":{},"fnMap":{},"branchMap":{},"s":{},"f":{},"b":{},"meta":{"lastBranch":0,"lastFunction":0,"lastStatement":0,"seen":{}}}
,"/Users/stomaks/Projects/Maksym-Stoianov/apps-script-utils/src/net/path/index.ts": {"path":"/Users/stomaks/Projects/Maksym-Stoianov/apps-script-utils/src/net/path/index.ts","statementMap":{},"fnMap":{},"branchMap":{},"s":{},"f":{},"b":{},"meta":{"lastBranch":0,"lastFunction":0,"lastStatement":0,"seen":{}}}
,"/Users/stomaks/Projects/Maksym-Stoianov/apps-script-utils/src/net/path/isAbsolute.ts": {"path":"/Users/stomaks/Projects/Maksym-Stoianov/apps-script-utils/src/net/path/isAbsolute.ts","statementMap":{"0":{"start":{"line":13,"column":8},"end":{"line":13,"column":44}},"1":{"start":{"line":15,"column":2},"end":{"line":16,"column":null}},"2":{"start":{"line":16,"column":4},"end":{"line":16,"column":null}},"3":{"start":{"line":19,"column":2},"end":{"line":19,"column":null}}},"fnMap":{"0":{"name":"isAbsolute","decl":{"start":{"line":12,"column":16},"end":{"line":12,"column":27}},"loc":{"start":{"line":12,"column":57},"end":{"line":19,"column":null}},"line":12}},"branchMap":{"0":{"loc":{"start":{"line":15,"column":2},"end":{"line":16,"column":null}},"type":"if","locations":[{"start":{"line":15,"column":2},"end":{"line":16,"column":null}},{"start":{},"end":{}}],"line":15},"1":{"loc":{"start":{"line":15,"column":6},"end":{"line":15,"column":58}},"type":"binary-expr","locations":[{"start":{"line":15,"column":6},"end":{"line":15,"column":32}},{"start":{"line":15,"column":36},"end":{"line":15,"column":58}}],"line":15}},"s":{"0":0,"1":0,"2":0,"3":0},"f":{"0":0},"b":{"0":[0,0],"1":[0,0]},"meta":{"lastBranch":2,"lastFunction":1,"lastStatement":4,"seen":{"f:12:16:12:27":0,"s:13:8:13:44":0,"b:15:2:16:Infinity:undefined:undefined:undefined:undefined":0,"s:15:2:16:Infinity":1,"b:15:6:15:32:15:36:15:58":1,"s:16:4:16:Infinity":2,"s:19:2:19:Infinity":3}}}
,"/Users/stomaks/Projects/Maksym-Stoianov/apps-script-utils/src/net/path/isRelative.ts": {"path":"/Users/stomaks/Projects/Maksym-Stoianov/apps-script-utils/src/net/path/isRelative.ts","statementMap":{"0":{"start":{"line":13,"column":2},"end":{"line":13,"column":null}}},"fnMap":{"0":{"name":"isRelative","decl":{"start":{"line":12,"column":16},"end":{"line":12,"column":27}},"loc":{"start":{"line":12,"column":57},"end":{"line":13,"column":null}},"line":12}},"branchMap":{},"s":{"0":0},"f":{"0":0},"b":{},"meta":{"lastBranch":0,"lastFunction":1,"lastStatement":1,"seen":{"f:12:16:12:27":0,"s:13:2:13:Infinity":0}}}
,"/Users/stomaks/Projects/Maksym-Stoianov/apps-script-utils/src/net/path/isValidDomain.ts": {"path":"/Users/stomaks/Projects/Maksym-Stoianov/apps-script-utils/src/net/path/isValidDomain.ts","statementMap":{"0":{"start":{"line":11,"column":2},"end":{"line":12,"column":null}},"1":{"start":{"line":12,"column":4},"end":{"line":12,"column":null}},"2":{"start":{"line":15,"column":2},"end":{"line":16,"column":null}},"3":{"start":{"line":16,"column":4},"end":{"line":16,"column":null}},"4":{"start":{"line":19,"column":2},"end":{"line":25,"column":null}},"5":{"start":{"line":25,"column":4},"end":{"line":25,"column":null}},"6":{"start":{"line":28,"column":16},"end":{"line":28,"column":33}},"7":{"start":{"line":30,"column":2},"end":{"line":31,"column":null}},"8":{"start":{"line":31,"column":4},"end":{"line":31,"column":null}},"9":{"start":{"line":34,"column":24},"end":{"line":34,"column":null}},"10":{"start":{"line":36,"column":2},"end":{"line":42,"column":null}},"11":{"start":{"line":37,"column":4},"end":{"line":38,"column":null}},"12":{"start":{"line":38,"column":6},"end":{"line":38,"column":null}},"13":{"start":{"line":41,"column":4},"end":{"line":42,"column":null}},"14":{"start":{"line":42,"column":6},"end":{"line":42,"column":null}},"15":{"start":{"line":46,"column":14},"end":{"line":46,"column":null}},"16":{"start":{"line":48,"column":2},"end":{"line":48,"column":null}}},"fnMap":{"0":{"name":"isValidDomain","decl":{"start":{"line":10,"column":16},"end":{"line":10,"column":30}},"loc":{"start":{"line":10,"column":64},"end":{"line":48,"column":null}},"line":10}},"branchMap":{"0":{"loc":{"start":{"line":11,"column":2},"end":{"line":12,"column":null}},"type":"if","locations":[{"start":{"line":11,"column":2},"end":{"line":12,"column":null}},{"start":{},"end":{}}],"line":11},"1":{"loc":{"start":{"line":11,"column":6},"end":{"line":11,"column":42}},"type":"binary-expr","locations":[{"start":{"line":11,"column":6},"end":{"line":11,"column":23}},{"start":{"line":11,"column":23},"end":{"line":11,"column":42}}],"line":11},"2":{"loc":{"start":{"line":15,"column":2},"end":{"line":16,"column":null}},"type":"if","locations":[{"start":{"line":15,"column":2},"end":{"line":16,"column":null}},{"start":{},"end":{}}],"line":15},"3":{"loc":{"start":{"line":19,"column":2},"end":{"line":25,"column":null}},"type":"if","locations":[{"start":{"line":19,"column":2},"end":{"line":25,"column":null}},{"start":{},"end":{}}],"line":19},"4":{"loc":{"start":{"line":20,"column":4},"end":{"line":23,"column":24}},"type":"binary-expr","locations":[{"start":{"line":20,"column":4},"end":{"line":20,"column":26}},{"start":{"line":21,"column":4},"end":{"line":21,"column":24}},{"start":{"line":22,"column":4},"end":{"line":22,"column":26}},{"start":{"line":23,"column":4},"end":{"line":23,"column":24}}],"line":20},"5":{"loc":{"start":{"line":30,"column":2},"end":{"line":31,"column":null}},"type":"if","locations":[{"start":{"line":30,"column":2},"end":{"line":31,"column":null}},{"start":{},"end":{}}],"line":30},"6":{"loc":{"start":{"line":37,"column":4},"end":{"line":38,"column":null}},"type":"if","locations":[{"start":{"line":37,"column":4},"end":{"line":38,"column":null}},{"start":{},"end":{}}],"line":37},"7":{"loc":{"start":{"line":41,"column":4},"end":{"line":42,"column":null}},"type":"if","locations":[{"start":{"line":41,"column":4},"end":{"line":42,"column":null}},{"start":{},"end":{}}],"line":41},"8":{"loc":{"start":{"line":48,"column":11},"end":{"line":48,"column":53}},"type":"binary-expr","locations":[{"start":{"line":48,"column":11},"end":{"line":48,"column":29}},{"start":{"line":48,"column":29},"end":{"line":48,"column":53}}],"line":48}},"s":{"0":41,"1":8,"2":33,"3":3,"4":30,"5":5,"6":25,"7":25,"8":3,"9":22,"10":22,"11":44,"12":0,"13":44,"14":6,"15":16,"16":16},"f":{"0":41},"b":{"0":[8,33],"1":[41,35],"2":[3,30],"3":[5,25],"4":[30,29,28,27],"5":[3,22],"6":[0,44],"7":[6,38],"8":[16,14]},"meta":{"lastBranch":9,"lastFunction":1,"lastStatement":17,"seen":{"f:10:16:10:30":0,"b:11:2:12:Infinity:undefined:undefined:undefined:undefined":0,"s:11:2:12:Infinity":0,"b:11:6:11:23:11:23:11:42":1,"s:12:4:12:Infinity":1,"b:15:2:16:Infinity:undefined:undefined:undefined:undefined":2,"s:15:2:16:Infinity":2,"s:16:4:16:Infinity":3,"b:19:2:25:Infinity:undefined:undefined:undefined:undefined":3,"s:19:2:25:Infinity":4,"b:20:4:20:26:21:4:21:24:22:4:22:26:23:4:23:24":4,"s:25:4:25:Infinity":5,"s:28:16:28:33":6,"b:30:2:31:Infinity:undefined:undefined:undefined:undefined":5,"s:30:2:31:Infinity":7,"s:31:4:31:Infinity":8,"s:34:24:34:Infinity":9,"s:36:2:42:Infinity":10,"b:37:4:38:Infinity:undefined:undefined:undefined:undefined":6,"s:37:4:38:Infinity":11,"s:38:6:38:Infinity":12,"b:41:4:42:Infinity:undefined:undefined:undefined:undefined":7,"s:41:4:42:Infinity":13,"s:42:6:42:Infinity":14,"s:46:14:46:Infinity":15,"s:48:2:48:Infinity":16,"b:48:11:48:29:48:29:48:53":8}}}
,"/Users/stomaks/Projects/Maksym-Stoianov/apps-script-utils/src/net/path/join.ts": {"path":"/Users/stomaks/Projects/Maksym-Stoianov/apps-script-utils/src/net/path/join.ts","statementMap":{"0":{"start":{"line":13,"column":34},"end":{"line":13,"column":36}},"1":{"start":{"line":15,"column":25},"end":{"line":15,"column":null}},"2":{"start":{"line":17,"column":2},"end":{"line":44,"column":null}},"3":{"start":{"line":18,"column":4},"end":{"line":19,"column":null}},"4":{"start":{"line":19,"column":6},"end":{"line":19,"column":null}},"5":{"start":{"line":22,"column":4},"end":{"line":24,"column":null}},"6":{"start":{"line":23,"column":6},"end":{"line":23,"column":null}},"7":{"start":{"line":24,"column":6},"end":{"line":24,"column":null}},"8":{"start":{"line":27,"column":21},"end":{"line":27,"column":52}},"9":{"start":{"line":29,"column":4},"end":{"line":44,"column":null}},"10":{"start":{"line":30,"column":6},"end":{"line":31,"column":null}},"11":{"start":{"line":31,"column":8},"end":{"line":31,"column":null}},"12":{"start":{"line":34,"column":6},"end":{"line":44,"column":null}},"13":{"start":{"line":35,"column":8},"end":{"line":41,"column":null}},"14":{"start":{"line":39,"column":10},"end":{"line":39,"column":null}},"15":{"start":{"line":40,"column":19},"end":{"line":41,"column":null}},"16":{"start":{"line":41,"column":10},"end":{"line":41,"column":null}},"17":{"start":{"line":44,"column":8},"end":{"line":44,"column":null}},"18":{"start":{"line":49,"column":2},"end":{"line":52,"column":null}},"19":{"start":{"line":50,"column":4},"end":{"line":50,"column":null}},"20":{"start":{"line":52,"column":4},"end":{"line":52,"column":null}}},"fnMap":{"0":{"name":"join","decl":{"start":{"line":12,"column":16},"end":{"line":12,"column":21}},"loc":{"start":{"line":12,"column":49},"end":{"line":52,"column":null}},"line":12}},"branchMap":{"0":{"loc":{"start":{"line":18,"column":4},"end":{"line":19,"column":null}},"type":"if","locations":[{"start":{"line":18,"column":4},"end":{"line":19,"column":null}},{"start":{},"end":{}}],"line":18},"1":{"loc":{"start":{"line":22,"column":4},"end":{"line":24,"column":null}},"type":"if","locations":[{"start":{"line":22,"column":4},"end":{"line":24,"column":null}},{"start":{},"end":{}}],"line":22},"2":{"loc":{"start":{"line":30,"column":6},"end":{"line":31,"column":null}},"type":"if","locations":[{"start":{"line":30,"column":6},"end":{"line":31,"column":null}},{"start":{},"end":{}}],"line":30},"3":{"loc":{"start":{"line":34,"column":6},"end":{"line":44,"column":null}},"type":"if","locations":[{"start":{"line":34,"column":6},"end":{"line":44,"column":null}},{"start":{"line":43,"column":13},"end":{"line":44,"column":null}}],"line":34},"4":{"loc":{"start":{"line":35,"column":8},"end":{"line":41,"column":null}},"type":"if","locations":[{"start":{"line":35,"column":8},"end":{"line":41,"column":null}},{"start":{"line":40,"column":19},"end":{"line":41,"column":null}}],"line":35},"5":{"loc":{"start":{"line":36,"column":10},"end":{"line":37,"column":null}},"type":"binary-expr","locations":[{"start":{"line":36,"column":10},"end":{"line":36,"column":null}},{"start":{"line":37,"column":10},"end":{"line":37,"column":null}}],"line":36},"6":{"loc":{"start":{"line":40,"column":19},"end":{"line":41,"column":null}},"type":"if","locations":[{"start":{"line":40,"column":19},"end":{"line":41,"column":null}},{"start":{},"end":{}}],"line":40},"7":{"loc":{"start":{"line":49,"column":2},"end":{"line":52,"column":null}},"type":"if","locations":[{"start":{"line":49,"column":2},"end":{"line":52,"column":null}},{"start":{"line":51,"column":9},"end":{"line":52,"column":null}}],"line":49},"8":{"loc":{"start":{"line":52,"column":11},"end":{"line":52,"column":69}},"type":"cond-expr","locations":[{"start":{"line":52,"column":40},"end":{"line":52,"column":46}},{"start":{"line":52,"column":46},"end":{"line":52,"column":69}}],"line":52}},"s":{"0":0,"1":0,"2":0,"3":0,"4":0,"5":0,"6":0,"7":0,"8":0,"9":0,"10":0,"11":0,"12":0,"13":0,"14":0,"15":0,"16":0,"17":0,"18":0,"19":0,"20":0},"f":{"0":0},"b":{"0":[0,0],"1":[0,0],"2":[0,0],"3":[0,0],"4":[0,0],"5":[0,0],"6":[0,0],"7":[0,0],"8":[0,0]},"meta":{"lastBranch":9,"lastFunction":1,"lastStatement":21,"seen":{"f:12:16:12:21":0,"s:13:34:13:36":0,"s:15:25:15:Infinity":1,"s:17:2:44:Infinity":2,"b:18:4:19:Infinity:undefined:undefined:undefined:undefined":0,"s:18:4:19:Infinity":3,"s:19:6:19:Infinity":4,"b:22:4:24:Infinity:undefined:undefined:undefined:undefined":1,"s:22:4:24:Infinity":5,"s:23:6:23:Infinity":6,"s:24:6:24:Infinity":7,"s:27:21:27:52":8,"s:29:4:44:Infinity":9,"b:30:6:31:Infinity:undefined:undefined:undefined:undefined":2,"s:30:6:31:Infinity":10,"s:31:8:31:Infinity":11,"b:34:6:44:Infinity:43:13:44:Infinity":3,"s:34:6:44:Infinity":12,"b:35:8:41:Infinity:40:19:41:Infinity":4,"s:35:8:41:Infinity":13,"b:36:10:36:Infinity:37:10:37:Infinity":5,"s:39:10:39:Infinity":14,"b:40:19:41:Infinity:undefined:undefined:undefined:undefined":6,"s:40:19:41:Infinity":15,"s:41:10:41:Infinity":16,"s:44:8:44:Infinity":17,"b:49:2:52:Infinity:51:9:52:Infinity":7,"s:49:2:52:Infinity":18,"s:50:4:50:Infinity":19,"s:52:4:52:Infinity":20,"b:52:40:52:46:52:46:52:69":8}}}
,"/Users/stomaks/Projects/Maksym-Stoianov/apps-script-utils/src/net/path/normalize.ts": {"path":"/Users/stomaks/Projects/Maksym-Stoianov/apps-script-utils/src/net/path/normalize.ts","statementMap":{"0":{"start":{"line":13,"column":8},"end":{"line":13,"column":44}},"1":{"start":{"line":15,"column":2},"end":{"line":15,"column":null}}},"fnMap":{"0":{"name":"normalize","decl":{"start":{"line":12,"column":16},"end":{"line":12,"column":26}},"loc":{"start":{"line":12,"column":48},"end":{"line":15,"column":null}},"line":12}},"branchMap":{},"s":{"0":0,"1":0},"f":{"0":0},"b":{},"meta":{"lastBranch":0,"lastFunction":1,"lastStatement":2,"seen":{"f:12:16:12:26":0,"s:13:8:13:44":0,"s:15:2:15:Infinity":1}}}
,"/Users/stomaks/Projects/Maksym-Stoianov/apps-script-utils/src/net/path/parse.ts": {"path":"/Users/stomaks/Projects/Maksym-Stoianov/apps-script-utils/src/net/path/parse.ts","statementMap":{"0":{"start":{"line":14,"column":8},"end":{"line":14,"column":44}},"1":{"start":{"line":17,"column":4},"end":{"line":17,"column":null}},"2":{"start":{"line":19,"column":16},"end":{"line":19,"column":32}},"3":{"start":{"line":21,"column":2},"end":{"line":28,"column":null}},"4":{"start":{"line":22,"column":4},"end":{"line":28,"column":null}},"5":{"start":{"line":31,"column":36},"end":{"line":31,"column":null}},"6":{"start":{"line":33,"column":16},"end":{"line":33,"column":null}},"7":{"start":{"line":35,"column":2},"end":{"line":36,"column":null}},"8":{"start":{"line":36,"column":4},"end":{"line":36,"column":null}},"9":{"start":{"line":39,"column":2},"end":{"line":39,"column":null}}},"fnMap":{"0":{"name":"parse","decl":{"start":{"line":13,"column":16},"end":{"line":13,"column":22}},"loc":{"start":{"line":13,"column":48},"end":{"line":39,"column":null}},"line":13}},"branchMap":{"0":{"loc":{"start":{"line":21,"column":2},"end":{"line":28,"column":null}},"type":"if","locations":[{"start":{"line":21,"column":2},"end":{"line":28,"column":null}},{"start":{},"end":{}}],"line":21},"1":{"loc":{"start":{"line":21,"column":6},"end":{"line":21,"column":31}},"type":"binary-expr","locations":[{"start":{"line":21,"column":6},"end":{"line":21,"column":16}},{"start":{"line":21,"column":16},"end":{"line":21,"column":31}}],"line":21},"2":{"loc":{"start":{"line":35,"column":2},"end":{"line":36,"column":null}},"type":"if","locations":[{"start":{"line":35,"column":2},"end":{"line":36,"column":null}},{"start":{},"end":{}}],"line":35},"3":{"loc":{"start":{"line":35,"column":6},"end":{"line":35,"column":30}},"type":"binary-expr","locations":[{"start":{"line":35,"column":6},"end":{"line":35,"column":13}},{"start":{"line":35,"column":13},"end":{"line":35,"column":30}}],"line":35}},"s":{"0":0,"1":0,"2":0,"3":0,"4":0,"5":0,"6":0,"7":0,"8":0,"9":0},"f":{"0":0},"b":{"0":[0,0],"1":[0,0],"2":[0,0],"3":[0,0]},"meta":{"lastBranch":4,"lastFunction":1,"lastStatement":10,"seen":{"f:13:16:13:22":0,"s:14:8:14:44":0,"s:17:4:17:Infinity":1,"s:19:16:19:32":2,"b:21:2:28:Infinity:undefined:undefined:undefined:undefined":0,"s:21:2:28:Infinity":3,"b:21:6:21:16:21:16:21:31":1,"s:22:4:28:Infinity":4,"s:31:36:31:Infinity":5,"s:33:16:33:Infinity":6,"b:35:2:36:Infinity:undefined:undefined:undefined:undefined":2,"s:35:2:36:Infinity":7,"b:35:6:35:13:35:13:35:30":3,"s:36:4:36:Infinity":8,"s:39:2:39:Infinity":9}}}
,"/Users/stomaks/Projects/Maksym-Stoianov/apps-script-utils/src/net/path/types/ParsedPath.ts": {"path":"/Users/stomaks/Projects/Maksym-Stoianov/apps-script-utils/src/net/path/types/ParsedPath.ts","statementMap":{},"fnMap":{},"branchMap":{},"s":{},"f":{},"b":{},"meta":{"lastBranch":0,"lastFunction":0,"lastStatement":0,"seen":{}}}
,"/Users/stomaks/Projects/Maksym-Stoianov/apps-script-utils/src/net/path/types/index.ts": {"path":"/Users/stomaks/Projects/Maksym-Stoianov/apps-script-utils/src/net/path/types/index.ts","statementMap":{},"fnMap":{},"branchMap":{},"s":{},"f":{},"b":{},"meta":{"lastBranch":0,"lastFunction":0,"lastStatement":0,"seen":{}}}
,"/Users/stomaks/Projects/Maksym-Stoianov/apps-script-utils/src/net/url/index.ts": {"path":"/Users/stomaks/Projects/Maksym-Stoianov/apps-script-utils/src/net/url/index.ts","statementMap":{},"fnMap":{},"branchMap":{},"s":{},"f":{},"b":{},"meta":{"lastBranch":0,"lastFunction":0,"lastStatement":0,"seen":{}}}
,"/Users/stomaks/Projects/Maksym-Stoianov/apps-script-utils/src/net/url/isUrl.ts": {"path":"/Users/stomaks/Projects/Maksym-Stoianov/apps-script-utils/src/net/url/isUrl.ts","statementMap":{"0":{"start":{"line":27,"column":2},"end":{"line":28,"column":null}},"1":{"start":{"line":28,"column":4},"end":{"line":28,"column":null}},"2":{"start":{"line":32,"column":4},"end":{"line":32,"column":null}},"3":{"start":{"line":34,"column":2},"end":{"line":34,"column":null}}},"fnMap":{"0":{"name":"isUrl","decl":{"start":{"line":26,"column":16},"end":{"line":26,"column":22}},"loc":{"start":{"line":26,"column":55},"end":{"line":34,"column":null}},"line":26}},"branchMap":{"0":{"loc":{"start":{"line":27,"column":2},"end":{"line":28,"column":null}},"type":"if","locations":[{"start":{"line":27,"column":2},"end":{"line":28,"column":null}},{"start":{},"end":{}}],"line":27}},"s":{"0":0,"1":0,"2":0,"3":0},"f":{"0":0},"b":{"0":[0,0]},"meta":{"lastBranch":1,"lastFunction":1,"lastStatement":4,"seen":{"f:26:16:26:22":0,"b:27:2:28:Infinity:undefined:undefined:undefined:undefined":0,"s:27:2:28:Infinity":0,"s:28:4:28:Infinity":1,"s:32:4:32:Infinity":2,"s:34:2:34:Infinity":3}}}
}
